2012-05-20 19:28:37 Notice: Notice (8): Undefined variable: schools in [APP/views/layouts/default.ctp, line 115]
2012-05-20 19:28:37 Notice: Notice (8): Undefined variable: UserLatitiude in [APP/views/layouts/default.ctp, line 131]
2012-05-20 19:28:37 Notice: Notice (8): Undefined variable: UserLongitude in [APP/views/layouts/default.ctp, line 131]
2012-05-20 19:28:37 Notice: Notice (8): Undefined variable: MyReview in [APP/views/layouts/default.ctp, line 160]
2012-05-20 19:28:37 Notice: Notice (8): Undefined variable: schools in [APP/views/layouts/default.ctp, line 190]
2012-05-20 19:28:37 Notice: Notice (8): Undefined variable: Shoolreview in [APP/views/layouts/default.ctp, line 360]
2012-05-20 19:28:37 Notice: Notice (8): Undefined variable: Shoolreview in [APP/views/layouts/default.ctp, line 389]
2012-05-20 19:28:37 Notice: Notice (8): Undefined variable: Shoolreview in [APP/views/layouts/default.ctp, line 424]
2012-05-20 19:28:37 Notice: Notice (8): Undefined variable: usertextreview in [APP/views/layouts/default.ctp, line 457]
2012-05-20 19:28:37 Notice: Notice (8): Undefined variable: searchValueUser in [APP/views/layouts/default.ctp, line 521]
2012-05-20 19:28:37 Notice: Notice (8): Undefined variable: Shoolreview in [APP/views/elements/writereview.ctp, line 91]
2012-05-20 19:28:37 Notice: Notice (8): Undefined variable: Shoolreview in [APP/views/elements/writereview.ctp, line 148]
2012-05-20 19:28:37 Notice: Notice (8): Undefined variable: usertextreview in [APP/views/elements/writereview.ctp, line 304]
2012-05-27 23:44:33 Notice: Notice (1024): Please change the value of 'Security.salt' in app/config/core.php to a salt value specific to your application in [/media/sf_WebDev_share/ulink/cake/libs/debugger.php, line 697]
2012-05-27 23:44:33 Notice: Notice (1024): Please change the value of 'Security.cipherSeed' in app/config/core.php to a numeric (digits only) seed value specific to your application in [/media/sf_WebDev_share/ulink/cake/libs/debugger.php, line 701]
2012-05-27 23:45:53 Notice: Notice (1024): Please change the value of 'Security.salt' in app/config/core.php to a salt value specific to your application in [/media/sf_WebDev_share/ulink/cake/libs/debugger.php, line 697]
2012-05-27 23:57:02 Debug: here in checking out -
2012-05-27 23:57:27 Debug: here in checking out -
2012-05-27 23:57:27 Debug: here in checking out -
2012-05-27 23:57:27 Debug: here in checking out -
2012-05-27 23:57:27 Debug: here in checking out -
2012-05-27 23:57:28 Debug: here in checking out -
2012-05-27 23:57:28 Debug: here in checking out -
2012-05-27 23:57:28 Debug: here in checking out -
2012-05-27 23:57:37 Debug: here in checking out -
2012-05-27 23:57:38 Debug: here in checking out -
2012-05-27 23:58:10 Debug: here in checking out -
2012-05-27 23:58:10 Debug: here in checking out -
2012-05-27 23:58:10 Debug: here in checking out -
