2012-05-20 18:39:50 Error: Fatal Error (256): Unable to load DataSource file mongodb.mongodbSource_source.php in [CORE/cake/libs/model/connection_manager.php, line 178]
2012-05-20 18:43:52 Error: Fatal Error (256): Unable to load DataSource file mongodb.mongodbSource_source.php in [CORE/cake/libs/model/connection_manager.php, line 178]
2012-05-20 18:48:48 Error: Fatal Error (256): Unable to load DataSource file mongodb.mongodbSource_source.php in [CORE/cake/libs/model/connection_manager.php, line 178]
2012-05-20 18:54:45 Error: Fatal Error (256): Unable to load DataSource file mongodb.mongodbSource_source.php in [CORE/cake/libs/model/connection_manager.php, line 178]
2012-05-20 18:55:09 Error: Fatal Error (256): Unable to load DataSource file mongodbSource_source.php in [CORE/cake/libs/model/connection_manager.php, line 178]
2012-05-20 18:57:53 Error: Fatal Error (256): Unable to load DataSource file dbo/dbo_mongodbSource.php in [CORE/cake/libs/model/connection_manager.php, line 178]
2012-05-20 19:08:55 Error: Fatal Error (256): Unable to load DataSource file dbo/dbo_mongodbSource.php in [CORE/cake/libs/model/connection_manager.php, line 178]
2012-05-20 19:09:16 Error: Fatal Error (256): Unable to load DataSource file mongodbSource_source.php in [CORE/cake/libs/model/connection_manager.php, line 178]
2012-05-20 19:11:11 Error: Fatal Error (256): Unable to load DataSource file mongodbSource_source.php in [CORE/cake/libs/model/connection_manager.php, line 178]
2012-05-20 19:11:50 Error: Fatal Error (256): Unable to load DataSource file mongodbSource_source.php in [CORE/cake/libs/model/connection_manager.php, line 178]
2012-05-27 23:43:04 Warning: Warning (512): /media/sf_WebDev_share/ulink/app/tmp/cache/models/ is not writable in [/media/sf_WebDev_share/ulink/cake/libs/cache/file.php, line 281]
2012-05-27 23:44:32 Warning: Warning (512): /media/sf_WebDev_share/ulink/app/tmp/cache/models/ is not writable in [/media/sf_WebDev_share/ulink/cake/libs/cache/file.php, line 281]
2012-05-27 23:45:53 Warning: Warning (512): /media/sf_WebDev_share/ulink/app/tmp/cache/models/ is not writable in [/media/sf_WebDev_share/ulink/cake/libs/cache/file.php, line 281]
2012-05-27 23:46:33 Warning: Warning (512): /media/sf_WebDev_share/ulink/app/tmp/cache/models/ is not writable in [/media/sf_WebDev_share/ulink/cake/libs/cache/file.php, line 281]
2012-05-27 23:47:53 Warning: Warning (512): <span style="color:Red;text-align:left"><b>SQL Error:</b> 1064: You have an error in your SQL syntax; check the manual that corresponds to your MySQL server version for the right syntax to use near 'findAll' at line 1</span> in [/media/sf_WebDev_share/ulink/cake/libs/model/datasources/dbo_source.php, line 684]
2012-05-27 23:47:53 Warning: Warning (2): Invalid argument supplied for foreach() in [/media/sf_WebDev_share/ulink/app/controllers/users_controller.php, line 265]
2012-05-27 23:49:53 Warning: Warning (512): <span style="color:Red;text-align:left"><b>SQL Error:</b> 1064: You have an error in your SQL syntax; check the manual that corresponds to your MySQL server version for the right syntax to use near 'findAll' at line 1</span> in [/media/sf_WebDev_share/ulink/cake/libs/model/datasources/dbo_source.php, line 684]
2012-05-27 23:49:53 Warning: Warning (2): Invalid argument supplied for foreach() in [/media/sf_WebDev_share/ulink/app/controllers/users_controller.php, line 265]
2012-05-27 23:51:29 Warning: Warning (512): <span style="color:Red;text-align:left"><b>SQL Error:</b> 1064: You have an error in your SQL syntax; check the manual that corresponds to your MySQL server version for the right syntax to use near 'findAll' at line 1</span> in [/media/sf_WebDev_share/ulink/cake/libs/model/datasources/dbo_source.php, line 684]
2012-05-27 23:51:29 Warning: Warning (2): Invalid argument supplied for foreach() in [/media/sf_WebDev_share/ulink/app/controllers/users_controller.php, line 265]
2012-05-27 23:53:34 Warning: Warning (512): <span style="color:Red;text-align:left"><b>SQL Error:</b> 1064: You have an error in your SQL syntax; check the manual that corresponds to your MySQL server version for the right syntax to use near 'findAll' at line 1</span> in [/media/sf_WebDev_share/ulink/cake/libs/model/datasources/dbo_source.php, line 684]
2012-05-27 23:53:34 Warning: Warning (2): Invalid argument supplied for foreach() in [/media/sf_WebDev_share/ulink/app/controllers/users_controller.php, line 265]
2012-05-28 01:14:56 Error: [MissingActionException] Action PagesController::display() could not be found.
#0 /media/sf_WebDev_share/ulink/lib/Cake/Routing/Dispatcher.php(103): Controller->invokeAction(Object(CakeRequest))
#1 /media/sf_WebDev_share/ulink/lib/Cake/Routing/Dispatcher.php(85): Dispatcher->_invoke(Object(PagesController), Object(CakeRequest), Object(CakeResponse))
#2 /media/sf_WebDev_share/ulink/app/webroot/index.php(92): Dispatcher->dispatch(Object(CakeRequest), Object(CakeResponse))
#3 {main}
2012-05-28 01:18:08 Error: [MissingActionException] Action PagesController::display() could not be found.
#0 /media/sf_WebDev_share/ulink/lib/Cake/Routing/Dispatcher.php(103): Controller->invokeAction(Object(CakeRequest))
#1 /media/sf_WebDev_share/ulink/lib/Cake/Routing/Dispatcher.php(85): Dispatcher->_invoke(Object(PagesController), Object(CakeRequest), Object(CakeResponse))
#2 /media/sf_WebDev_share/ulink/app/webroot/index.php(92): Dispatcher->dispatch(Object(CakeRequest), Object(CakeResponse))
#3 {main}
2012-05-28 01:19:06 Error: [MissingActionException] Action PagesController::display() could not be found.
#0 /media/sf_WebDev_share/ulink/lib/Cake/Routing/Dispatcher.php(103): Controller->invokeAction(Object(CakeRequest))
#1 /media/sf_WebDev_share/ulink/lib/Cake/Routing/Dispatcher.php(85): Dispatcher->_invoke(Object(PagesController), Object(CakeRequest), Object(CakeResponse))
#2 /media/sf_WebDev_share/ulink/app/webroot/index.php(92): Dispatcher->dispatch(Object(CakeRequest), Object(CakeResponse))
#3 {main}
2012-05-28 01:21:55 Error: [MissingActionException] Action PagesController::display() could not be found.
#0 /media/sf_WebDev_share/ulink/lib/Cake/Routing/Dispatcher.php(103): Controller->invokeAction(Object(CakeRequest))
#1 /media/sf_WebDev_share/ulink/lib/Cake/Routing/Dispatcher.php(85): Dispatcher->_invoke(Object(PagesController), Object(CakeRequest), Object(CakeResponse))
#2 /media/sf_WebDev_share/ulink/app/webroot/index.php(92): Dispatcher->dispatch(Object(CakeRequest), Object(CakeResponse))
#3 {main}
2012-05-28 01:23:30 Error: [MissingActionException] Action PagesController::display() could not be found.
#0 /media/sf_WebDev_share/ulink/lib/Cake/Routing/Dispatcher.php(103): Controller->invokeAction(Object(CakeRequest))
#1 /media/sf_WebDev_share/ulink/lib/Cake/Routing/Dispatcher.php(85): Dispatcher->_invoke(Object(PagesController), Object(CakeRequest), Object(CakeResponse))
#2 /media/sf_WebDev_share/ulink/app/webroot/index.php(92): Dispatcher->dispatch(Object(CakeRequest), Object(CakeResponse))
#3 {main}
2012-05-28 01:23:32 Error: [MissingActionException] Action PagesController::display() could not be found.
#0 /media/sf_WebDev_share/ulink/lib/Cake/Routing/Dispatcher.php(103): Controller->invokeAction(Object(CakeRequest))
#1 /media/sf_WebDev_share/ulink/lib/Cake/Routing/Dispatcher.php(85): Dispatcher->_invoke(Object(PagesController), Object(CakeRequest), Object(CakeResponse))
#2 /media/sf_WebDev_share/ulink/app/webroot/index.php(92): Dispatcher->dispatch(Object(CakeRequest), Object(CakeResponse))
#3 {main}
2012-05-28 01:23:32 Error: [MissingActionException] Action PagesController::display() could not be found.
#0 /media/sf_WebDev_share/ulink/lib/Cake/Routing/Dispatcher.php(103): Controller->invokeAction(Object(CakeRequest))
#1 /media/sf_WebDev_share/ulink/lib/Cake/Routing/Dispatcher.php(85): Dispatcher->_invoke(Object(PagesController), Object(CakeRequest), Object(CakeResponse))
#2 /media/sf_WebDev_share/ulink/app/webroot/index.php(92): Dispatcher->dispatch(Object(CakeRequest), Object(CakeResponse))
#3 {main}
2012-05-28 01:23:32 Error: [MissingActionException] Action PagesController::display() could not be found.
#0 /media/sf_WebDev_share/ulink/lib/Cake/Routing/Dispatcher.php(103): Controller->invokeAction(Object(CakeRequest))
#1 /media/sf_WebDev_share/ulink/lib/Cake/Routing/Dispatcher.php(85): Dispatcher->_invoke(Object(PagesController), Object(CakeRequest), Object(CakeResponse))
#2 /media/sf_WebDev_share/ulink/app/webroot/index.php(92): Dispatcher->dispatch(Object(CakeRequest), Object(CakeResponse))
#3 {main}
2012-05-28 01:23:32 Error: [MissingActionException] Action PagesController::display() could not be found.
#0 /media/sf_WebDev_share/ulink/lib/Cake/Routing/Dispatcher.php(103): Controller->invokeAction(Object(CakeRequest))
#1 /media/sf_WebDev_share/ulink/lib/Cake/Routing/Dispatcher.php(85): Dispatcher->_invoke(Object(PagesController), Object(CakeRequest), Object(CakeResponse))
#2 /media/sf_WebDev_share/ulink/app/webroot/index.php(92): Dispatcher->dispatch(Object(CakeRequest), Object(CakeResponse))
#3 {main}
2012-05-28 01:24:06 Error: [MissingActionException] Action PagesController::display() could not be found.
#0 /media/sf_WebDev_share/ulink/lib/Cake/Routing/Dispatcher.php(103): Controller->invokeAction(Object(CakeRequest))
#1 /media/sf_WebDev_share/ulink/lib/Cake/Routing/Dispatcher.php(85): Dispatcher->_invoke(Object(PagesController), Object(CakeRequest), Object(CakeResponse))
#2 /media/sf_WebDev_share/ulink/app/webroot/index.php(92): Dispatcher->dispatch(Object(CakeRequest), Object(CakeResponse))
#3 {main}
2012-05-28 01:24:46 Error: [MissingActionException] Action PagesController::display() could not be found.
#0 /media/sf_WebDev_share/ulink/lib/Cake/Routing/Dispatcher.php(103): Controller->invokeAction(Object(CakeRequest))
#1 /media/sf_WebDev_share/ulink/lib/Cake/Routing/Dispatcher.php(85): Dispatcher->_invoke(Object(PagesController), Object(CakeRequest), Object(CakeResponse))
#2 /media/sf_WebDev_share/ulink/app/webroot/index.php(92): Dispatcher->dispatch(Object(CakeRequest), Object(CakeResponse))
#3 {main}
2012-05-28 01:25:12 Error: [MissingActionException] Action PagesController::display() could not be found.
#0 /media/sf_WebDev_share/ulink/lib/Cake/Routing/Dispatcher.php(103): Controller->invokeAction(Object(CakeRequest))
#1 /media/sf_WebDev_share/ulink/lib/Cake/Routing/Dispatcher.php(85): Dispatcher->_invoke(Object(PagesController), Object(CakeRequest), Object(CakeResponse))
#2 /media/sf_WebDev_share/ulink/app/webroot/index.php(92): Dispatcher->dispatch(Object(CakeRequest), Object(CakeResponse))
#3 {main}
2012-05-28 01:25:14 Error: [MissingActionException] Action PagesController::display() could not be found.
#0 /media/sf_WebDev_share/ulink/lib/Cake/Routing/Dispatcher.php(103): Controller->invokeAction(Object(CakeRequest))
#1 /media/sf_WebDev_share/ulink/lib/Cake/Routing/Dispatcher.php(85): Dispatcher->_invoke(Object(PagesController), Object(CakeRequest), Object(CakeResponse))
#2 /media/sf_WebDev_share/ulink/app/webroot/index.php(92): Dispatcher->dispatch(Object(CakeRequest), Object(CakeResponse))
#3 {main}
2012-05-28 01:25:14 Error: [MissingActionException] Action PagesController::display() could not be found.
#0 /media/sf_WebDev_share/ulink/lib/Cake/Routing/Dispatcher.php(103): Controller->invokeAction(Object(CakeRequest))
#1 /media/sf_WebDev_share/ulink/lib/Cake/Routing/Dispatcher.php(85): Dispatcher->_invoke(Object(PagesController), Object(CakeRequest), Object(CakeResponse))
#2 /media/sf_WebDev_share/ulink/app/webroot/index.php(92): Dispatcher->dispatch(Object(CakeRequest), Object(CakeResponse))
#3 {main}
2012-05-28 01:25:15 Error: [MissingActionException] Action PagesController::display() could not be found.
#0 /media/sf_WebDev_share/ulink/lib/Cake/Routing/Dispatcher.php(103): Controller->invokeAction(Object(CakeRequest))
#1 /media/sf_WebDev_share/ulink/lib/Cake/Routing/Dispatcher.php(85): Dispatcher->_invoke(Object(PagesController), Object(CakeRequest), Object(CakeResponse))
#2 /media/sf_WebDev_share/ulink/app/webroot/index.php(92): Dispatcher->dispatch(Object(CakeRequest), Object(CakeResponse))
#3 {main}
2012-05-28 01:25:15 Error: [MissingActionException] Action PagesController::display() could not be found.
#0 /media/sf_WebDev_share/ulink/lib/Cake/Routing/Dispatcher.php(103): Controller->invokeAction(Object(CakeRequest))
#1 /media/sf_WebDev_share/ulink/lib/Cake/Routing/Dispatcher.php(85): Dispatcher->_invoke(Object(PagesController), Object(CakeRequest), Object(CakeResponse))
#2 /media/sf_WebDev_share/ulink/app/webroot/index.php(92): Dispatcher->dispatch(Object(CakeRequest), Object(CakeResponse))
#3 {main}
2012-05-28 01:25:15 Error: [MissingActionException] Action PagesController::display() could not be found.
#0 /media/sf_WebDev_share/ulink/lib/Cake/Routing/Dispatcher.php(103): Controller->invokeAction(Object(CakeRequest))
#1 /media/sf_WebDev_share/ulink/lib/Cake/Routing/Dispatcher.php(85): Dispatcher->_invoke(Object(PagesController), Object(CakeRequest), Object(CakeResponse))
#2 /media/sf_WebDev_share/ulink/app/webroot/index.php(92): Dispatcher->dispatch(Object(CakeRequest), Object(CakeResponse))
#3 {main}
2012-05-28 01:31:20 Error: [MissingActionException] Action PagesController::display() could not be found.
#0 /media/sf_WebDev_share/ulink/lib/Cake/Routing/Dispatcher.php(103): Controller->invokeAction(Object(CakeRequest))
#1 /media/sf_WebDev_share/ulink/lib/Cake/Routing/Dispatcher.php(85): Dispatcher->_invoke(Object(PagesController), Object(CakeRequest), Object(CakeResponse))
#2 /media/sf_WebDev_share/ulink/app/webroot/index.php(92): Dispatcher->dispatch(Object(CakeRequest), Object(CakeResponse))
#3 {main}
2012-05-28 01:34:20 Error: [MissingActionException] Action PagesController::display() could not be found.
#0 /media/sf_WebDev_share/ulink/lib/Cake/Routing/Dispatcher.php(103): Controller->invokeAction(Object(CakeRequest))
#1 /media/sf_WebDev_share/ulink/lib/Cake/Routing/Dispatcher.php(85): Dispatcher->_invoke(Object(PagesController), Object(CakeRequest), Object(CakeResponse))
#2 /media/sf_WebDev_share/ulink/app/webroot/index.php(92): Dispatcher->dispatch(Object(CakeRequest), Object(CakeResponse))
#3 {main}
2012-05-28 01:35:00 Error: [MissingActionException] Action PagesController::display() could not be found.
#0 /media/sf_WebDev_share/ulink/lib/Cake/Routing/Dispatcher.php(103): Controller->invokeAction(Object(CakeRequest))
#1 /media/sf_WebDev_share/ulink/lib/Cake/Routing/Dispatcher.php(85): Dispatcher->_invoke(Object(PagesController), Object(CakeRequest), Object(CakeResponse))
#2 /media/sf_WebDev_share/ulink/app/webroot/index.php(92): Dispatcher->dispatch(Object(CakeRequest), Object(CakeResponse))
#3 {main}
2012-05-28 01:37:17 Error: [MissingActionException] Action PagesController::display() could not be found.
#0 /media/sf_WebDev_share/ulink/lib/Cake/Routing/Dispatcher.php(103): Controller->invokeAction(Object(CakeRequest))
#1 /media/sf_WebDev_share/ulink/lib/Cake/Routing/Dispatcher.php(85): Dispatcher->_invoke(Object(PagesController), Object(CakeRequest), Object(CakeResponse))
#2 /media/sf_WebDev_share/ulink/app/webroot/index.php(92): Dispatcher->dispatch(Object(CakeRequest), Object(CakeResponse))
#3 {main}
2012-05-28 01:37:37 Error: [MissingActionException] Action PagesController::display() could not be found.
#0 /media/sf_WebDev_share/ulink/lib/Cake/Routing/Dispatcher.php(103): Controller->invokeAction(Object(CakeRequest))
#1 /media/sf_WebDev_share/ulink/lib/Cake/Routing/Dispatcher.php(85): Dispatcher->_invoke(Object(PagesController), Object(CakeRequest), Object(CakeResponse))
#2 /media/sf_WebDev_share/ulink/app/webroot/index.php(92): Dispatcher->dispatch(Object(CakeRequest), Object(CakeResponse))
#3 {main}
2012-05-28 01:45:53 Error: [MissingActionException] Action PagesController::display() could not be found.
#0 /media/sf_WebDev_share/ulink/lib/Cake/Routing/Dispatcher.php(103): Controller->invokeAction(Object(CakeRequest))
#1 /media/sf_WebDev_share/ulink/lib/Cake/Routing/Dispatcher.php(85): Dispatcher->_invoke(Object(PagesController), Object(CakeRequest), Object(CakeResponse))
#2 /media/sf_WebDev_share/ulink/app/webroot/index.php(92): Dispatcher->dispatch(Object(CakeRequest), Object(CakeResponse))
#3 {main}
2012-05-28 15:53:12 Error: [MissingActionException] Action PagesController::display() could not be found.
#0 /media/sf_WebDev_share/ulink/lib/Cake/Routing/Dispatcher.php(103): Controller->invokeAction(Object(CakeRequest))
#1 /media/sf_WebDev_share/ulink/lib/Cake/Routing/Dispatcher.php(85): Dispatcher->_invoke(Object(PagesController), Object(CakeRequest), Object(CakeResponse))
#2 /media/sf_WebDev_share/ulink/app/webroot/index.php(92): Dispatcher->dispatch(Object(CakeRequest), Object(CakeResponse))
#3 {main}
2012-05-28 15:53:18 Error: [MissingActionException] Action PagesController::display() could not be found.
#0 /media/sf_WebDev_share/ulink/lib/Cake/Routing/Dispatcher.php(103): Controller->invokeAction(Object(CakeRequest))
#1 /media/sf_WebDev_share/ulink/lib/Cake/Routing/Dispatcher.php(85): Dispatcher->_invoke(Object(PagesController), Object(CakeRequest), Object(CakeResponse))
#2 /media/sf_WebDev_share/ulink/app/webroot/index.php(92): Dispatcher->dispatch(Object(CakeRequest), Object(CakeResponse))
#3 {main}
2012-05-28 16:03:55 Error: [MissingActionException] Action PagesController::display() could not be found.
#0 /media/sf_WebDev_share/ulink/lib/Cake/Routing/Dispatcher.php(103): Controller->invokeAction(Object(CakeRequest))
#1 /media/sf_WebDev_share/ulink/lib/Cake/Routing/Dispatcher.php(85): Dispatcher->_invoke(Object(PagesController), Object(CakeRequest), Object(CakeResponse))
#2 /media/sf_WebDev_share/ulink/app/webroot/index.php(92): Dispatcher->dispatch(Object(CakeRequest), Object(CakeResponse))
#3 {main}
2012-05-28 16:04:00 Error: [MissingActionException] Action PagesController::display() could not be found.
#0 /media/sf_WebDev_share/ulink/lib/Cake/Routing/Dispatcher.php(103): Controller->invokeAction(Object(CakeRequest))
#1 /media/sf_WebDev_share/ulink/lib/Cake/Routing/Dispatcher.php(85): Dispatcher->_invoke(Object(PagesController), Object(CakeRequest), Object(CakeResponse))
#2 /media/sf_WebDev_share/ulink/app/webroot/index.php(92): Dispatcher->dispatch(Object(CakeRequest), Object(CakeResponse))
#3 {main}
2012-05-28 16:05:14 Error: [MissingActionException] Action PagesController::display() could not be found.
#0 /media/sf_WebDev_share/ulink/lib/Cake/Routing/Dispatcher.php(103): Controller->invokeAction(Object(CakeRequest))
#1 /media/sf_WebDev_share/ulink/lib/Cake/Routing/Dispatcher.php(85): Dispatcher->_invoke(Object(PagesController), Object(CakeRequest), Object(CakeResponse))
#2 /media/sf_WebDev_share/ulink/app/webroot/index.php(92): Dispatcher->dispatch(Object(CakeRequest), Object(CakeResponse))
#3 {main}
2012-05-28 16:05:18 Error: [MissingActionException] Action PagesController::display() could not be found.
#0 /media/sf_WebDev_share/ulink/lib/Cake/Routing/Dispatcher.php(103): Controller->invokeAction(Object(CakeRequest))
#1 /media/sf_WebDev_share/ulink/lib/Cake/Routing/Dispatcher.php(85): Dispatcher->_invoke(Object(PagesController), Object(CakeRequest), Object(CakeResponse))
#2 /media/sf_WebDev_share/ulink/app/webroot/index.php(92): Dispatcher->dispatch(Object(CakeRequest), Object(CakeResponse))
#3 {main}
2012-05-28 16:06:19 Error: [MissingActionException] Action PagesController::display() could not be found.
#0 /media/sf_WebDev_share/ulink/lib/Cake/Routing/Dispatcher.php(103): Controller->invokeAction(Object(CakeRequest))
#1 /media/sf_WebDev_share/ulink/lib/Cake/Routing/Dispatcher.php(85): Dispatcher->_invoke(Object(PagesController), Object(CakeRequest), Object(CakeResponse))
#2 /media/sf_WebDev_share/ulink/app/webroot/index.php(92): Dispatcher->dispatch(Object(CakeRequest), Object(CakeResponse))
#3 {main}
2012-05-28 16:06:23 Error: [MissingActionException] Action PagesController::display() could not be found.
#0 /media/sf_WebDev_share/ulink/lib/Cake/Routing/Dispatcher.php(103): Controller->invokeAction(Object(CakeRequest))
#1 /media/sf_WebDev_share/ulink/lib/Cake/Routing/Dispatcher.php(85): Dispatcher->_invoke(Object(PagesController), Object(CakeRequest), Object(CakeResponse))
#2 /media/sf_WebDev_share/ulink/app/webroot/index.php(92): Dispatcher->dispatch(Object(CakeRequest), Object(CakeResponse))
#3 {main}
2012-05-28 16:06:25 Error: [MissingActionException] Action PagesController::display() could not be found.
#0 /media/sf_WebDev_share/ulink/lib/Cake/Routing/Dispatcher.php(103): Controller->invokeAction(Object(CakeRequest))
#1 /media/sf_WebDev_share/ulink/lib/Cake/Routing/Dispatcher.php(85): Dispatcher->_invoke(Object(PagesController), Object(CakeRequest), Object(CakeResponse))
#2 /media/sf_WebDev_share/ulink/app/webroot/index.php(92): Dispatcher->dispatch(Object(CakeRequest), Object(CakeResponse))
#3 {main}
2012-05-28 16:09:14 Error: [MissingActionException] Action PagesController::display() could not be found.
#0 /media/sf_WebDev_share/ulink/lib/Cake/Routing/Dispatcher.php(103): Controller->invokeAction(Object(CakeRequest))
#1 /media/sf_WebDev_share/ulink/lib/Cake/Routing/Dispatcher.php(85): Dispatcher->_invoke(Object(PagesController), Object(CakeRequest), Object(CakeResponse))
#2 /media/sf_WebDev_share/ulink/app/webroot/index.php(92): Dispatcher->dispatch(Object(CakeRequest), Object(CakeResponse))
#3 {main}
2012-05-28 16:09:17 Error: [MissingActionException] Action PagesController::display() could not be found.
#0 /media/sf_WebDev_share/ulink/lib/Cake/Routing/Dispatcher.php(103): Controller->invokeAction(Object(CakeRequest))
#1 /media/sf_WebDev_share/ulink/lib/Cake/Routing/Dispatcher.php(85): Dispatcher->_invoke(Object(PagesController), Object(CakeRequest), Object(CakeResponse))
#2 /media/sf_WebDev_share/ulink/app/webroot/index.php(92): Dispatcher->dispatch(Object(CakeRequest), Object(CakeResponse))
#3 {main}
2012-05-28 16:10:24 Error: [MissingActionException] Action PagesController::display() could not be found.
#0 /media/sf_WebDev_share/ulink/lib/Cake/Routing/Dispatcher.php(103): Controller->invokeAction(Object(CakeRequest))
#1 /media/sf_WebDev_share/ulink/lib/Cake/Routing/Dispatcher.php(85): Dispatcher->_invoke(Object(PagesController), Object(CakeRequest), Object(CakeResponse))
#2 /media/sf_WebDev_share/ulink/app/webroot/index.php(92): Dispatcher->dispatch(Object(CakeRequest), Object(CakeResponse))
#3 {main}
2012-05-28 16:13:01 Error: [MissingActionException] Action PagesController::display() could not be found.
#0 /media/sf_WebDev_share/ulink/lib/Cake/Routing/Dispatcher.php(103): Controller->invokeAction(Object(CakeRequest))
#1 /media/sf_WebDev_share/ulink/lib/Cake/Routing/Dispatcher.php(85): Dispatcher->_invoke(Object(PagesController), Object(CakeRequest), Object(CakeResponse))
#2 /media/sf_WebDev_share/ulink/app/webroot/index.php(92): Dispatcher->dispatch(Object(CakeRequest), Object(CakeResponse))
#3 {main}
2012-05-28 16:13:47 Error: [MissingActionException] Action PagesController::display() could not be found.
#0 /media/sf_WebDev_share/ulink/lib/Cake/Routing/Dispatcher.php(103): Controller->invokeAction(Object(CakeRequest))
#1 /media/sf_WebDev_share/ulink/lib/Cake/Routing/Dispatcher.php(85): Dispatcher->_invoke(Object(PagesController), Object(CakeRequest), Object(CakeResponse))
#2 /media/sf_WebDev_share/ulink/app/webroot/index.php(92): Dispatcher->dispatch(Object(CakeRequest), Object(CakeResponse))
#3 {main}
2012-05-28 16:14:17 Error: [MissingActionException] Action PagesController::display() could not be found.
#0 /media/sf_WebDev_share/ulink/lib/Cake/Routing/Dispatcher.php(103): Controller->invokeAction(Object(CakeRequest))
#1 /media/sf_WebDev_share/ulink/lib/Cake/Routing/Dispatcher.php(85): Dispatcher->_invoke(Object(PagesController), Object(CakeRequest), Object(CakeResponse))
#2 /media/sf_WebDev_share/ulink/app/webroot/index.php(92): Dispatcher->dispatch(Object(CakeRequest), Object(CakeResponse))
#3 {main}
2012-05-28 16:15:03 Error: [MissingActionException] Action PagesController::display() could not be found.
#0 /media/sf_WebDev_share/ulink/lib/Cake/Routing/Dispatcher.php(103): Controller->invokeAction(Object(CakeRequest))
#1 /media/sf_WebDev_share/ulink/lib/Cake/Routing/Dispatcher.php(85): Dispatcher->_invoke(Object(PagesController), Object(CakeRequest), Object(CakeResponse))
#2 /media/sf_WebDev_share/ulink/app/webroot/index.php(92): Dispatcher->dispatch(Object(CakeRequest), Object(CakeResponse))
#3 {main}
2012-05-28 16:15:31 Error: [MissingActionException] Action PagesController::display() could not be found.
#0 /media/sf_WebDev_share/ulink/lib/Cake/Routing/Dispatcher.php(103): Controller->invokeAction(Object(CakeRequest))
#1 /media/sf_WebDev_share/ulink/lib/Cake/Routing/Dispatcher.php(85): Dispatcher->_invoke(Object(PagesController), Object(CakeRequest), Object(CakeResponse))
#2 /media/sf_WebDev_share/ulink/app/webroot/index.php(92): Dispatcher->dispatch(Object(CakeRequest), Object(CakeResponse))
#3 {main}
2012-05-28 16:15:39 Error: [MissingActionException] Action PagesController::display() could not be found.
#0 /media/sf_WebDev_share/ulink/lib/Cake/Routing/Dispatcher.php(103): Controller->invokeAction(Object(CakeRequest))
#1 /media/sf_WebDev_share/ulink/lib/Cake/Routing/Dispatcher.php(85): Dispatcher->_invoke(Object(PagesController), Object(CakeRequest), Object(CakeResponse))
#2 /media/sf_WebDev_share/ulink/app/webroot/index.php(92): Dispatcher->dispatch(Object(CakeRequest), Object(CakeResponse))
#3 {main}
2012-05-28 16:15:40 Error: [MissingActionException] Action PagesController::display() could not be found.
#0 /media/sf_WebDev_share/ulink/lib/Cake/Routing/Dispatcher.php(103): Controller->invokeAction(Object(CakeRequest))
#1 /media/sf_WebDev_share/ulink/lib/Cake/Routing/Dispatcher.php(85): Dispatcher->_invoke(Object(PagesController), Object(CakeRequest), Object(CakeResponse))
#2 /media/sf_WebDev_share/ulink/app/webroot/index.php(92): Dispatcher->dispatch(Object(CakeRequest), Object(CakeResponse))
#3 {main}
2012-05-28 16:16:02 Error: [MissingActionException] Action PagesController::display() could not be found.
#0 /media/sf_WebDev_share/ulink/lib/Cake/Routing/Dispatcher.php(103): Controller->invokeAction(Object(CakeRequest))
#1 /media/sf_WebDev_share/ulink/lib/Cake/Routing/Dispatcher.php(85): Dispatcher->_invoke(Object(PagesController), Object(CakeRequest), Object(CakeResponse))
#2 /media/sf_WebDev_share/ulink/app/webroot/index.php(92): Dispatcher->dispatch(Object(CakeRequest), Object(CakeResponse))
#3 {main}
2012-05-28 16:18:17 Error: [MissingActionException] Action PagesController::display() could not be found.
#0 /media/sf_WebDev_share/ulink/lib/Cake/Routing/Dispatcher.php(103): Controller->invokeAction(Object(CakeRequest))
#1 /media/sf_WebDev_share/ulink/lib/Cake/Routing/Dispatcher.php(85): Dispatcher->_invoke(Object(PagesController), Object(CakeRequest), Object(CakeResponse))
#2 /media/sf_WebDev_share/ulink/app/webroot/index.php(92): Dispatcher->dispatch(Object(CakeRequest), Object(CakeResponse))
#3 {main}
2012-05-28 16:18:30 Error: [MissingActionException] Action PagesController::display() could not be found.
#0 /media/sf_WebDev_share/ulink/lib/Cake/Routing/Dispatcher.php(103): Controller->invokeAction(Object(CakeRequest))
#1 /media/sf_WebDev_share/ulink/lib/Cake/Routing/Dispatcher.php(85): Dispatcher->_invoke(Object(PagesController), Object(CakeRequest), Object(CakeResponse))
#2 /media/sf_WebDev_share/ulink/app/webroot/index.php(92): Dispatcher->dispatch(Object(CakeRequest), Object(CakeResponse))
#3 {main}
2012-05-28 16:18:33 Error: [MissingActionException] Action PagesController::display() could not be found.
#0 /media/sf_WebDev_share/ulink/lib/Cake/Routing/Dispatcher.php(103): Controller->invokeAction(Object(CakeRequest))
#1 /media/sf_WebDev_share/ulink/lib/Cake/Routing/Dispatcher.php(85): Dispatcher->_invoke(Object(PagesController), Object(CakeRequest), Object(CakeResponse))
#2 /media/sf_WebDev_share/ulink/app/webroot/index.php(92): Dispatcher->dispatch(Object(CakeRequest), Object(CakeResponse))
#3 {main}
2012-05-28 16:19:41 Error: [MissingDatasourceException] Datasource class  could not be found.
#0 /media/sf_WebDev_share/ulink/lib/Cake/Model/ConnectionManager.php(97): ConnectionManager::loadDataSource('default')
#1 /media/sf_WebDev_share/ulink/lib/Cake/Model/Model.php(3417): ConnectionManager::getDataSource('default')
#2 /media/sf_WebDev_share/ulink/lib/Cake/Model/Model.php(1083): Model->setDataSource('default')
#3 /media/sf_WebDev_share/ulink/lib/Cake/Model/Model.php(3443): Model->setSource('users')
#4 /media/sf_WebDev_share/ulink/lib/Cake/Model/Model.php(2698): Model->getDataSource()
#5 /media/sf_WebDev_share/ulink/app/Controller/AppController.php(325): Model->find('first', Array)
#6 /media/sf_WebDev_share/ulink/app/Controller/PagesController.php(23): AppController->chkAutopass()
#7 [internal function]: PagesController->home()
#8 /media/sf_WebDev_share/ulink/lib/Cake/Controller/Controller.php(485): ReflectionMethod->invokeArgs(Object(PagesController), Array)
#9 /media/sf_WebDev_share/ulink/lib/Cake/Routing/Dispatcher.php(103): Controller->invokeAction(Object(CakeRequest))
#10 /media/sf_WebDev_share/ulink/lib/Cake/Routing/Dispatcher.php(85): Dispatcher->_invoke(Object(PagesController), Object(CakeRequest), Object(CakeResponse))
#11 /media/sf_WebDev_share/ulink/app/webroot/index.php(92): Dispatcher->dispatch(Object(CakeRequest), Object(CakeResponse))
#12 {main}
2012-05-28 16:20:06 Error: [MissingDatasourceException] Datasource class mysql could not be found.
#0 /media/sf_WebDev_share/ulink/lib/Cake/Model/ConnectionManager.php(97): ConnectionManager::loadDataSource('default')
#1 /media/sf_WebDev_share/ulink/lib/Cake/Model/Model.php(3417): ConnectionManager::getDataSource('default')
#2 /media/sf_WebDev_share/ulink/lib/Cake/Model/Model.php(1083): Model->setDataSource('default')
#3 /media/sf_WebDev_share/ulink/lib/Cake/Model/Model.php(3443): Model->setSource('users')
#4 /media/sf_WebDev_share/ulink/lib/Cake/Model/Model.php(2698): Model->getDataSource()
#5 /media/sf_WebDev_share/ulink/app/Controller/AppController.php(325): Model->find('first', Array)
#6 /media/sf_WebDev_share/ulink/app/Controller/PagesController.php(23): AppController->chkAutopass()
#7 [internal function]: PagesController->home()
#8 /media/sf_WebDev_share/ulink/lib/Cake/Controller/Controller.php(485): ReflectionMethod->invokeArgs(Object(PagesController), Array)
#9 /media/sf_WebDev_share/ulink/lib/Cake/Routing/Dispatcher.php(103): Controller->invokeAction(Object(CakeRequest))
#10 /media/sf_WebDev_share/ulink/lib/Cake/Routing/Dispatcher.php(85): Dispatcher->_invoke(Object(PagesController), Object(CakeRequest), Object(CakeResponse))
#11 /media/sf_WebDev_share/ulink/app/webroot/index.php(92): Dispatcher->dispatch(Object(CakeRequest), Object(CakeResponse))
#12 {main}
2012-05-28 16:20:07 Error: [MissingDatasourceException] Datasource class mysql could not be found.
#0 /media/sf_WebDev_share/ulink/lib/Cake/Model/ConnectionManager.php(97): ConnectionManager::loadDataSource('default')
#1 /media/sf_WebDev_share/ulink/lib/Cake/Model/Model.php(3417): ConnectionManager::getDataSource('default')
#2 /media/sf_WebDev_share/ulink/lib/Cake/Model/Model.php(1083): Model->setDataSource('default')
#3 /media/sf_WebDev_share/ulink/lib/Cake/Model/Model.php(3443): Model->setSource('users')
#4 /media/sf_WebDev_share/ulink/lib/Cake/Model/Model.php(2698): Model->getDataSource()
#5 /media/sf_WebDev_share/ulink/app/Controller/AppController.php(325): Model->find('first', Array)
#6 /media/sf_WebDev_share/ulink/app/Controller/PagesController.php(23): AppController->chkAutopass()
#7 [internal function]: PagesController->home()
#8 /media/sf_WebDev_share/ulink/lib/Cake/Controller/Controller.php(485): ReflectionMethod->invokeArgs(Object(PagesController), Array)
#9 /media/sf_WebDev_share/ulink/lib/Cake/Routing/Dispatcher.php(103): Controller->invokeAction(Object(CakeRequest))
#10 /media/sf_WebDev_share/ulink/lib/Cake/Routing/Dispatcher.php(85): Dispatcher->_invoke(Object(PagesController), Object(CakeRequest), Object(CakeResponse))
#11 /media/sf_WebDev_share/ulink/app/webroot/index.php(92): Dispatcher->dispatch(Object(CakeRequest), Object(CakeResponse))
#12 {main}
2012-05-28 16:20:14 Error: [MissingDatasourceException] Datasource class mysql could not be found.
#0 /media/sf_WebDev_share/ulink/lib/Cake/Model/ConnectionManager.php(97): ConnectionManager::loadDataSource('default')
#1 /media/sf_WebDev_share/ulink/lib/Cake/Model/Model.php(3417): ConnectionManager::getDataSource('default')
#2 /media/sf_WebDev_share/ulink/lib/Cake/Model/Model.php(1083): Model->setDataSource('default')
#3 /media/sf_WebDev_share/ulink/lib/Cake/Model/Model.php(3443): Model->setSource('users')
#4 /media/sf_WebDev_share/ulink/lib/Cake/Model/Model.php(2698): Model->getDataSource()
#5 /media/sf_WebDev_share/ulink/app/Controller/AppController.php(325): Model->find('first', Array)
#6 /media/sf_WebDev_share/ulink/app/Controller/PagesController.php(23): AppController->chkAutopass()
#7 [internal function]: PagesController->home()
#8 /media/sf_WebDev_share/ulink/lib/Cake/Controller/Controller.php(485): ReflectionMethod->invokeArgs(Object(PagesController), Array)
#9 /media/sf_WebDev_share/ulink/lib/Cake/Routing/Dispatcher.php(103): Controller->invokeAction(Object(CakeRequest))
#10 /media/sf_WebDev_share/ulink/lib/Cake/Routing/Dispatcher.php(85): Dispatcher->_invoke(Object(PagesController), Object(CakeRequest), Object(CakeResponse))
#11 /media/sf_WebDev_share/ulink/app/webroot/index.php(92): Dispatcher->dispatch(Object(CakeRequest), Object(CakeResponse))
#12 {main}
2012-05-28 16:20:19 Error: [MissingControllerException] Controller class Controller could not be found.
#0 /media/sf_WebDev_share/ulink/app/webroot/index.php(92): Dispatcher->dispatch(Object(CakeRequest), Object(CakeResponse))
#1 {main}
2012-05-28 16:21:00 Error: [MissingControllerException] Controller class Controller could not be found.
#0 /media/sf_WebDev_share/ulink/app/webroot/index.php(92): Dispatcher->dispatch(Object(CakeRequest), Object(CakeResponse))
#1 {main}
2012-05-28 16:21:05 Error: [MissingControllerException] Controller class Controller could not be found.
#0 /media/sf_WebDev_share/ulink/app/webroot/index.php(92): Dispatcher->dispatch(Object(CakeRequest), Object(CakeResponse))
#1 {main}
2012-05-28 16:22:29 Error: [MissingControllerException] Controller class Controller could not be found.
#0 /media/sf_WebDev_share/ulink/app/webroot/index.php(92): Dispatcher->dispatch(Object(CakeRequest), Object(CakeResponse))
#1 {main}
2012-05-28 16:22:35 Error: [MissingControllerException] Controller class Controller could not be found.
#0 /media/sf_WebDev_share/ulink/app/webroot/index.php(92): Dispatcher->dispatch(Object(CakeRequest), Object(CakeResponse))
#1 {main}
2012-05-28 16:23:02 Error: [MissingDatasourceException] Datasource class mysql could not be found.
#0 /media/sf_WebDev_share/ulink/lib/Cake/Model/ConnectionManager.php(97): ConnectionManager::loadDataSource('default')
#1 /media/sf_WebDev_share/ulink/lib/Cake/Model/Model.php(3417): ConnectionManager::getDataSource('default')
#2 /media/sf_WebDev_share/ulink/lib/Cake/Model/Model.php(1083): Model->setDataSource('default')
#3 /media/sf_WebDev_share/ulink/lib/Cake/Model/Model.php(3443): Model->setSource('users')
#4 /media/sf_WebDev_share/ulink/lib/Cake/Model/Model.php(2698): Model->getDataSource()
#5 /media/sf_WebDev_share/ulink/app/Controller/AppController.php(325): Model->find('first', Array)
#6 /media/sf_WebDev_share/ulink/app/Controller/PagesController.php(23): AppController->chkAutopass()
#7 [internal function]: PagesController->home()
#8 /media/sf_WebDev_share/ulink/lib/Cake/Controller/Controller.php(485): ReflectionMethod->invokeArgs(Object(PagesController), Array)
#9 /media/sf_WebDev_share/ulink/lib/Cake/Routing/Dispatcher.php(103): Controller->invokeAction(Object(CakeRequest))
#10 /media/sf_WebDev_share/ulink/lib/Cake/Routing/Dispatcher.php(85): Dispatcher->_invoke(Object(PagesController), Object(CakeRequest), Object(CakeResponse))
#11 /media/sf_WebDev_share/ulink/app/webroot/index.php(92): Dispatcher->dispatch(Object(CakeRequest), Object(CakeResponse))
#12 {main}
2012-05-28 16:23:10 Error: [MissingDatasourceException] Datasource class mysql could not be found.
#0 /media/sf_WebDev_share/ulink/lib/Cake/Model/ConnectionManager.php(97): ConnectionManager::loadDataSource('default')
#1 /media/sf_WebDev_share/ulink/lib/Cake/Model/Model.php(3417): ConnectionManager::getDataSource('default')
#2 /media/sf_WebDev_share/ulink/lib/Cake/Model/Model.php(1083): Model->setDataSource('default')
#3 /media/sf_WebDev_share/ulink/lib/Cake/Model/Model.php(3443): Model->setSource('users')
#4 /media/sf_WebDev_share/ulink/lib/Cake/Model/Model.php(2698): Model->getDataSource()
#5 /media/sf_WebDev_share/ulink/app/Controller/AppController.php(325): Model->find('first', Array)
#6 /media/sf_WebDev_share/ulink/app/Controller/PagesController.php(23): AppController->chkAutopass()
#7 [internal function]: PagesController->home()
#8 /media/sf_WebDev_share/ulink/lib/Cake/Controller/Controller.php(485): ReflectionMethod->invokeArgs(Object(PagesController), Array)
#9 /media/sf_WebDev_share/ulink/lib/Cake/Routing/Dispatcher.php(103): Controller->invokeAction(Object(CakeRequest))
#10 /media/sf_WebDev_share/ulink/lib/Cake/Routing/Dispatcher.php(85): Dispatcher->_invoke(Object(PagesController), Object(CakeRequest), Object(CakeResponse))
#11 /media/sf_WebDev_share/ulink/app/webroot/index.php(92): Dispatcher->dispatch(Object(CakeRequest), Object(CakeResponse))
#12 {main}
2012-05-28 16:24:34 Error: [MissingDatasourceException] Datasource class mysql could not be found.
#0 /media/sf_WebDev_share/ulink/lib/Cake/Model/ConnectionManager.php(97): ConnectionManager::loadDataSource('default')
#1 /media/sf_WebDev_share/ulink/lib/Cake/Model/Model.php(3417): ConnectionManager::getDataSource('default')
#2 /media/sf_WebDev_share/ulink/lib/Cake/Model/Model.php(1083): Model->setDataSource('default')
#3 /media/sf_WebDev_share/ulink/lib/Cake/Model/Model.php(3443): Model->setSource('users')
#4 /media/sf_WebDev_share/ulink/lib/Cake/Model/Model.php(2698): Model->getDataSource()
#5 /media/sf_WebDev_share/ulink/app/Controller/AppController.php(325): Model->find('first', Array)
#6 /media/sf_WebDev_share/ulink/app/Controller/PagesController.php(23): AppController->chkAutopass()
#7 [internal function]: PagesController->home()
#8 /media/sf_WebDev_share/ulink/lib/Cake/Controller/Controller.php(485): ReflectionMethod->invokeArgs(Object(PagesController), Array)
#9 /media/sf_WebDev_share/ulink/lib/Cake/Routing/Dispatcher.php(103): Controller->invokeAction(Object(CakeRequest))
#10 /media/sf_WebDev_share/ulink/lib/Cake/Routing/Dispatcher.php(85): Dispatcher->_invoke(Object(PagesController), Object(CakeRequest), Object(CakeResponse))
#11 /media/sf_WebDev_share/ulink/app/webroot/index.php(92): Dispatcher->dispatch(Object(CakeRequest), Object(CakeResponse))
#12 {main}
2012-05-28 16:26:17 Error: [MissingDatasourceException] Datasource class mysql could not be found.
#0 /media/sf_WebDev_share/ulink/lib/Cake/Model/ConnectionManager.php(97): ConnectionManager::loadDataSource('default')
#1 /media/sf_WebDev_share/ulink/lib/Cake/Model/Model.php(3417): ConnectionManager::getDataSource('default')
#2 /media/sf_WebDev_share/ulink/lib/Cake/Model/Model.php(1083): Model->setDataSource('default')
#3 /media/sf_WebDev_share/ulink/lib/Cake/Model/Model.php(3443): Model->setSource('users')
#4 /media/sf_WebDev_share/ulink/lib/Cake/Model/Model.php(2698): Model->getDataSource()
#5 /media/sf_WebDev_share/ulink/app/Controller/AppController.php(325): Model->find('first', Array)
#6 /media/sf_WebDev_share/ulink/app/Controller/PagesController.php(23): AppController->chkAutopass()
#7 [internal function]: PagesController->home()
#8 /media/sf_WebDev_share/ulink/lib/Cake/Controller/Controller.php(485): ReflectionMethod->invokeArgs(Object(PagesController), Array)
#9 /media/sf_WebDev_share/ulink/lib/Cake/Routing/Dispatcher.php(103): Controller->invokeAction(Object(CakeRequest))
#10 /media/sf_WebDev_share/ulink/lib/Cake/Routing/Dispatcher.php(85): Dispatcher->_invoke(Object(PagesController), Object(CakeRequest), Object(CakeResponse))
#11 /media/sf_WebDev_share/ulink/app/webroot/index.php(92): Dispatcher->dispatch(Object(CakeRequest), Object(CakeResponse))
#12 {main}
2012-05-28 16:26:22 Error: [MissingDatasourceException] Datasource class mysql could not be found.
#0 /media/sf_WebDev_share/ulink/lib/Cake/Model/ConnectionManager.php(97): ConnectionManager::loadDataSource('default')
#1 /media/sf_WebDev_share/ulink/lib/Cake/Model/Model.php(3417): ConnectionManager::getDataSource('default')
#2 /media/sf_WebDev_share/ulink/lib/Cake/Model/Model.php(1083): Model->setDataSource('default')
#3 /media/sf_WebDev_share/ulink/lib/Cake/Model/Model.php(3443): Model->setSource('users')
#4 /media/sf_WebDev_share/ulink/lib/Cake/Model/Model.php(2698): Model->getDataSource()
#5 /media/sf_WebDev_share/ulink/app/Controller/AppController.php(325): Model->find('first', Array)
#6 /media/sf_WebDev_share/ulink/app/Controller/PagesController.php(23): AppController->chkAutopass()
#7 [internal function]: PagesController->home()
#8 /media/sf_WebDev_share/ulink/lib/Cake/Controller/Controller.php(485): ReflectionMethod->invokeArgs(Object(PagesController), Array)
#9 /media/sf_WebDev_share/ulink/lib/Cake/Routing/Dispatcher.php(103): Controller->invokeAction(Object(CakeRequest))
#10 /media/sf_WebDev_share/ulink/lib/Cake/Routing/Dispatcher.php(85): Dispatcher->_invoke(Object(PagesController), Object(CakeRequest), Object(CakeResponse))
#11 /media/sf_WebDev_share/ulink/app/webroot/index.php(92): Dispatcher->dispatch(Object(CakeRequest), Object(CakeResponse))
#12 {main}
2012-05-28 16:27:01 Error: [MissingDatasourceException] Datasource class mysql could not be found.
#0 /media/sf_WebDev_share/ulink/lib/Cake/Model/ConnectionManager.php(97): ConnectionManager::loadDataSource('default')
#1 /media/sf_WebDev_share/ulink/lib/Cake/Model/Model.php(3417): ConnectionManager::getDataSource('default')
#2 /media/sf_WebDev_share/ulink/lib/Cake/Model/Model.php(1083): Model->setDataSource('default')
#3 /media/sf_WebDev_share/ulink/lib/Cake/Model/Model.php(3443): Model->setSource('users')
#4 /media/sf_WebDev_share/ulink/lib/Cake/Model/Model.php(2698): Model->getDataSource()
#5 /media/sf_WebDev_share/ulink/app/Controller/AppController.php(325): Model->find('first', Array)
#6 /media/sf_WebDev_share/ulink/app/Controller/PagesController.php(23): AppController->chkAutopass()
#7 [internal function]: PagesController->home()
#8 /media/sf_WebDev_share/ulink/lib/Cake/Controller/Controller.php(485): ReflectionMethod->invokeArgs(Object(PagesController), Array)
#9 /media/sf_WebDev_share/ulink/lib/Cake/Routing/Dispatcher.php(103): Controller->invokeAction(Object(CakeRequest))
#10 /media/sf_WebDev_share/ulink/lib/Cake/Routing/Dispatcher.php(85): Dispatcher->_invoke(Object(PagesController), Object(CakeRequest), Object(CakeResponse))
#11 /media/sf_WebDev_share/ulink/app/webroot/index.php(92): Dispatcher->dispatch(Object(CakeRequest), Object(CakeResponse))
#12 {main}
2012-05-28 16:28:15 Error: [MissingHelperException] Helper class JsHelperHelper could not be found.
#0 /media/sf_WebDev_share/ulink/lib/Cake/View/View.php(852): HelperCollection->load('JsHelper', Array)
#1 /media/sf_WebDev_share/ulink/lib/Cake/View/View.php(458): View->loadHelpers()
#2 /media/sf_WebDev_share/ulink/lib/Cake/Controller/Controller.php(959): View->render(NULL, NULL)
#3 /media/sf_WebDev_share/ulink/lib/Cake/Routing/Dispatcher.php(110): Controller->render()
#4 /media/sf_WebDev_share/ulink/lib/Cake/Routing/Dispatcher.php(85): Dispatcher->_invoke(Object(PagesController), Object(CakeRequest), Object(CakeResponse))
#5 /media/sf_WebDev_share/ulink/app/webroot/index.php(92): Dispatcher->dispatch(Object(CakeRequest), Object(CakeResponse))
#6 {main}
2012-05-28 16:28:17 Error: [MissingHelperException] Helper class JsHelperHelper could not be found.
#0 /media/sf_WebDev_share/ulink/lib/Cake/View/View.php(852): HelperCollection->load('JsHelper', Array)
#1 /media/sf_WebDev_share/ulink/lib/Cake/View/View.php(458): View->loadHelpers()
#2 /media/sf_WebDev_share/ulink/lib/Cake/Controller/Controller.php(959): View->render(NULL, NULL)
#3 /media/sf_WebDev_share/ulink/lib/Cake/Routing/Dispatcher.php(110): Controller->render()
#4 /media/sf_WebDev_share/ulink/lib/Cake/Routing/Dispatcher.php(85): Dispatcher->_invoke(Object(PagesController), Object(CakeRequest), Object(CakeResponse))
#5 /media/sf_WebDev_share/ulink/app/webroot/index.php(92): Dispatcher->dispatch(Object(CakeRequest), Object(CakeResponse))
#6 {main}
2012-05-28 16:28:19 Error: [MissingHelperException] Helper class JsHelperHelper could not be found.
#0 /media/sf_WebDev_share/ulink/lib/Cake/View/View.php(852): HelperCollection->load('JsHelper', Array)
#1 /media/sf_WebDev_share/ulink/lib/Cake/View/View.php(458): View->loadHelpers()
#2 /media/sf_WebDev_share/ulink/lib/Cake/Controller/Controller.php(959): View->render(NULL, NULL)
#3 /media/sf_WebDev_share/ulink/lib/Cake/Routing/Dispatcher.php(110): Controller->render()
#4 /media/sf_WebDev_share/ulink/lib/Cake/Routing/Dispatcher.php(85): Dispatcher->_invoke(Object(PagesController), Object(CakeRequest), Object(CakeResponse))
#5 /media/sf_WebDev_share/ulink/app/webroot/index.php(92): Dispatcher->dispatch(Object(CakeRequest), Object(CakeResponse))
#6 {main}
2012-06-02 11:52:11 Error: [MissingHelperException] Helper class JsHelperHelper could not be found.
#0 /media/sf_WebDev_share/ulink/lib/Cake/View/View.php(852): HelperCollection->load('JsHelper', Array)
#1 /media/sf_WebDev_share/ulink/lib/Cake/View/View.php(458): View->loadHelpers()
#2 /media/sf_WebDev_share/ulink/lib/Cake/Controller/Controller.php(959): View->render(NULL, NULL)
#3 /media/sf_WebDev_share/ulink/lib/Cake/Routing/Dispatcher.php(110): Controller->render()
#4 /media/sf_WebDev_share/ulink/lib/Cake/Routing/Dispatcher.php(85): Dispatcher->_invoke(Object(PagesController), Object(CakeRequest), Object(CakeResponse))
#5 /media/sf_WebDev_share/ulink/app/webroot/index.php(92): Dispatcher->dispatch(Object(CakeRequest), Object(CakeResponse))
#6 {main}
2012-06-02 11:54:40 Error: [MissingHelperException] Helper class AjaxHelper could not be found.
#0 /media/sf_WebDev_share/ulink/lib/Cake/View/View.php(852): HelperCollection->load('Ajax', Array)
#1 /media/sf_WebDev_share/ulink/lib/Cake/View/View.php(458): View->loadHelpers()
#2 /media/sf_WebDev_share/ulink/lib/Cake/Controller/Controller.php(959): View->render(NULL, NULL)
#3 /media/sf_WebDev_share/ulink/lib/Cake/Routing/Dispatcher.php(110): Controller->render()
#4 /media/sf_WebDev_share/ulink/lib/Cake/Routing/Dispatcher.php(85): Dispatcher->_invoke(Object(PagesController), Object(CakeRequest), Object(CakeResponse))
#5 /media/sf_WebDev_share/ulink/app/webroot/index.php(92): Dispatcher->dispatch(Object(CakeRequest), Object(CakeResponse))
#6 {main}
2012-06-02 11:55:11 Error: [MissingHelperException] Helper class JsHelperHelper could not be found.
#0 /media/sf_WebDev_share/ulink/lib/Cake/View/View.php(852): HelperCollection->load('JsHelper', Array)
#1 /media/sf_WebDev_share/ulink/lib/Cake/View/View.php(458): View->loadHelpers()
#2 /media/sf_WebDev_share/ulink/lib/Cake/Controller/Controller.php(959): View->render(NULL, NULL)
#3 /media/sf_WebDev_share/ulink/lib/Cake/Routing/Dispatcher.php(110): Controller->render()
#4 /media/sf_WebDev_share/ulink/lib/Cake/Routing/Dispatcher.php(85): Dispatcher->_invoke(Object(PagesController), Object(CakeRequest), Object(CakeResponse))
#5 /media/sf_WebDev_share/ulink/app/webroot/index.php(92): Dispatcher->dispatch(Object(CakeRequest), Object(CakeResponse))
#6 {main}
2012-06-02 11:59:32 Error: [MissingHelperException] Helper class JsHelperHelper could not be found.
#0 /media/sf_WebDev_share/ulink/lib/Cake/View/View.php(852): HelperCollection->load('JsHelper', Array)
#1 /media/sf_WebDev_share/ulink/lib/Cake/View/View.php(458): View->loadHelpers()
#2 /media/sf_WebDev_share/ulink/lib/Cake/Controller/Controller.php(959): View->render(NULL, NULL)
#3 /media/sf_WebDev_share/ulink/lib/Cake/Routing/Dispatcher.php(110): Controller->render()
#4 /media/sf_WebDev_share/ulink/lib/Cake/Routing/Dispatcher.php(85): Dispatcher->_invoke(Object(PagesController), Object(CakeRequest), Object(CakeResponse))
#5 /media/sf_WebDev_share/ulink/app/webroot/index.php(92): Dispatcher->dispatch(Object(CakeRequest), Object(CakeResponse))
#6 {main}
2012-06-02 12:09:41 Error: [MissingHelperException] Helper class JsHelperHelper could not be found.
#0 /media/sf_WebDev_share/ulink/lib/Cake/View/View.php(852): HelperCollection->load('JsHelper', Array)
#1 /media/sf_WebDev_share/ulink/lib/Cake/View/View.php(458): View->loadHelpers()
#2 /media/sf_WebDev_share/ulink/lib/Cake/Controller/Controller.php(959): View->render(NULL, NULL)
#3 /media/sf_WebDev_share/ulink/lib/Cake/Routing/Dispatcher.php(110): Controller->render()
#4 /media/sf_WebDev_share/ulink/lib/Cake/Routing/Dispatcher.php(85): Dispatcher->_invoke(Object(PagesController), Object(CakeRequest), Object(CakeResponse))
#5 /media/sf_WebDev_share/ulink/app/webroot/index.php(92): Dispatcher->dispatch(Object(CakeRequest), Object(CakeResponse))
#6 {main}
2012-06-02 12:17:28 Error: [MissingHelperException] Helper class JsHelperHelper could not be found.
#0 /media/sf_WebDev_share/ulink/lib/Cake/View/View.php(852): HelperCollection->load('JsHelper', Array)
#1 /media/sf_WebDev_share/ulink/lib/Cake/View/View.php(458): View->loadHelpers()
#2 /media/sf_WebDev_share/ulink/lib/Cake/Controller/Controller.php(959): View->render(NULL, NULL)
#3 /media/sf_WebDev_share/ulink/lib/Cake/Routing/Dispatcher.php(110): Controller->render()
#4 /media/sf_WebDev_share/ulink/lib/Cake/Routing/Dispatcher.php(85): Dispatcher->_invoke(Object(PagesController), Object(CakeRequest), Object(CakeResponse))
#5 /media/sf_WebDev_share/ulink/app/webroot/index.php(92): Dispatcher->dispatch(Object(CakeRequest), Object(CakeResponse))
#6 {main}
2012-06-02 12:18:09 Error: [MissingHelperException] Helper class JsHelperHelper could not be found.
#0 /media/sf_WebDev_share/ulink/lib/Cake/View/View.php(852): HelperCollection->load('JsHelper', Array)
#1 /media/sf_WebDev_share/ulink/lib/Cake/View/View.php(458): View->loadHelpers()
#2 /media/sf_WebDev_share/ulink/lib/Cake/Controller/Controller.php(959): View->render(NULL, NULL)
#3 /media/sf_WebDev_share/ulink/lib/Cake/Routing/Dispatcher.php(110): Controller->render()
#4 /media/sf_WebDev_share/ulink/lib/Cake/Routing/Dispatcher.php(85): Dispatcher->_invoke(Object(PagesController), Object(CakeRequest), Object(CakeResponse))
#5 /media/sf_WebDev_share/ulink/app/webroot/index.php(92): Dispatcher->dispatch(Object(CakeRequest), Object(CakeResponse))
#6 {main}
2012-06-02 12:19:37 Error: [MissingHelperException] Helper class JsHelperHelper could not be found.
#0 /media/sf_WebDev_share/ulink/lib/Cake/View/View.php(852): HelperCollection->load('JsHelper', Array)
#1 /media/sf_WebDev_share/ulink/lib/Cake/View/View.php(458): View->loadHelpers()
#2 /media/sf_WebDev_share/ulink/lib/Cake/Controller/Controller.php(959): View->render(NULL, NULL)
#3 /media/sf_WebDev_share/ulink/lib/Cake/Routing/Dispatcher.php(110): Controller->render()
#4 /media/sf_WebDev_share/ulink/lib/Cake/Routing/Dispatcher.php(85): Dispatcher->_invoke(Object(PagesController), Object(CakeRequest), Object(CakeResponse))
#5 /media/sf_WebDev_share/ulink/app/webroot/index.php(92): Dispatcher->dispatch(Object(CakeRequest), Object(CakeResponse))
#6 {main}
2012-06-02 13:07:11 Error: [MissingControllerException] Controller class Controller could not be found.
#0 /media/sf_WebDev_share/ulink/app/webroot/index.php(92): Dispatcher->dispatch(Object(CakeRequest), Object(CakeResponse))
#1 {main}
2012-06-02 13:07:19 Error: [MissingControllerException] Controller class Controller could not be found.
#0 /media/sf_WebDev_share/ulink/app/webroot/index.php(92): Dispatcher->dispatch(Object(CakeRequest), Object(CakeResponse))
#1 {main}
2012-06-02 13:34:23 Error: [MissingControllerException] Controller class Controller could not be found.
#0 /media/sf_WebDev_share/ulink/app/webroot/index.php(92): Dispatcher->dispatch(Object(CakeRequest), Object(CakeResponse))
#1 {main}
2012-06-02 15:54:26 Error: [MissingControllerException] Controller class Controller could not be found.
#0 /media/sf_WebDev_share/ulink/app/webroot/index.php(92): Dispatcher->dispatch(Object(CakeRequest), Object(CakeResponse))
#1 {main}
2012-06-02 15:55:13 Error: [MissingActionException] Action AdminsController::login() could not be found.
#0 /media/sf_WebDev_share/ulink/lib/Cake/Routing/Dispatcher.php(103): Controller->invokeAction(Object(CakeRequest))
#1 /media/sf_WebDev_share/ulink/lib/Cake/Routing/Dispatcher.php(85): Dispatcher->_invoke(Object(AdminsController), Object(CakeRequest), Object(CakeResponse))
#2 /media/sf_WebDev_share/ulink/app/webroot/index.php(92): Dispatcher->dispatch(Object(CakeRequest), Object(CakeResponse))
#3 {main}
2012-06-02 16:02:25 Error: [MissingControllerException] Controller class Controller could not be found.
#0 /media/sf_WebDev_share/ulink/app/webroot/index.php(92): Dispatcher->dispatch(Object(CakeRequest), Object(CakeResponse))
#1 {main}
2012-06-02 16:03:43 Error: [MissingControllerException] Controller class Controller could not be found.
#0 /media/sf_WebDev_share/ulink/app/webroot/index.php(92): Dispatcher->dispatch(Object(CakeRequest), Object(CakeResponse))
#1 {main}
2012-06-02 16:15:08 Error: [MissingControllerException] Controller class Controller could not be found.
#0 /media/sf_WebDev_share/ulink/app/webroot/index.php(92): Dispatcher->dispatch(Object(CakeRequest), Object(CakeResponse))
#1 {main}
2012-06-02 16:17:41 Error: [MissingControllerException] Controller class Controller could not be found.
#0 /media/sf_WebDev_share/ulink/app/webroot/index.php(92): Dispatcher->dispatch(Object(CakeRequest), Object(CakeResponse))
#1 {main}
2012-06-02 16:17:41 Error: [MissingControllerException] Controller class Controller could not be found.
#0 /media/sf_WebDev_share/ulink/app/webroot/index.php(92): Dispatcher->dispatch(Object(CakeRequest), Object(CakeResponse))
#1 {main}
2012-06-02 16:17:43 Error: [MissingControllerException] Controller class Controller could not be found.
#0 /media/sf_WebDev_share/ulink/app/webroot/index.php(92): Dispatcher->dispatch(Object(CakeRequest), Object(CakeResponse))
#1 {main}
2012-06-02 16:17:43 Error: [MissingControllerException] Controller class Controller could not be found.
#0 /media/sf_WebDev_share/ulink/app/webroot/index.php(92): Dispatcher->dispatch(Object(CakeRequest), Object(CakeResponse))
#1 {main}
2012-06-02 16:17:52 Error: [MissingControllerException] Controller class Controller could not be found.
#0 /media/sf_WebDev_share/ulink/app/webroot/index.php(92): Dispatcher->dispatch(Object(CakeRequest), Object(CakeResponse))
#1 {main}
2012-06-02 16:29:51 Error: [MissingControllerException] Controller class Controller could not be found.
#0 /media/sf_WebDev_share/ulink/app/webroot/index.php(92): Dispatcher->dispatch(Object(CakeRequest), Object(CakeResponse))
#1 {main}
2012-06-03 12:30:29 Error: [MissingControllerException] Controller class Controller could not be found.
#0 /media/sf_WebDev_share/ulink/app/webroot/index.php(92): Dispatcher->dispatch(Object(CakeRequest), Object(CakeResponse))
#1 {main}
2012-06-03 12:30:52 Error: [MissingControllerException] Controller class Controller could not be found.
#0 /media/sf_WebDev_share/ulink/app/webroot/index.php(92): Dispatcher->dispatch(Object(CakeRequest), Object(CakeResponse))
#1 {main}
2012-06-03 12:33:22 Error: [MissingControllerException] Controller class Controller could not be found.
#0 /media/sf_WebDev_share/ulink/app/webroot/index.php(92): Dispatcher->dispatch(Object(CakeRequest), Object(CakeResponse))
#1 {main}
2012-06-03 20:20:27 Error: [MissingControllerException] Controller class Controller could not be found.
#0 /media/sf_WebDev_share/ulink/app/webroot/index.php(92): Dispatcher->dispatch(Object(CakeRequest), Object(CakeResponse))
#1 {main}
2012-06-04 21:56:48 Error: [MissingControllerException] Controller class Controller could not be found.
#0 /media/sf_WebDev_share/ulink/app/webroot/index.php(92): Dispatcher->dispatch(Object(CakeRequest), Object(CakeResponse))
#1 {main}
2012-06-04 21:56:56 Error: [MissingControllerException] Controller class Controller could not be found.
#0 /media/sf_WebDev_share/ulink/app/webroot/index.php(92): Dispatcher->dispatch(Object(CakeRequest), Object(CakeResponse))
#1 {main}
2012-06-04 21:57:06 Error: [MissingControllerException] Controller class Controller could not be found.
#0 /media/sf_WebDev_share/ulink/app/webroot/index.php(92): Dispatcher->dispatch(Object(CakeRequest), Object(CakeResponse))
#1 {main}
2012-06-04 21:57:27 Error: [MissingControllerException] Controller class Controller could not be found.
#0 /media/sf_WebDev_share/ulink/app/webroot/index.php(92): Dispatcher->dispatch(Object(CakeRequest), Object(CakeResponse))
#1 {main}
2012-06-04 22:08:05 Error: [MissingControllerException] Controller class Controller could not be found.
#0 /media/sf_WebDev_share/ulink/app/webroot/index.php(92): Dispatcher->dispatch(Object(CakeRequest), Object(CakeResponse))
#1 {main}
2012-06-04 22:08:07 Error: [MissingControllerException] Controller class Controller could not be found.
#0 /media/sf_WebDev_share/ulink/app/webroot/index.php(92): Dispatcher->dispatch(Object(CakeRequest), Object(CakeResponse))
#1 {main}
2012-06-04 22:08:13 Error: [MissingControllerException] Controller class Controller could not be found.
#0 /media/sf_WebDev_share/ulink/app/webroot/index.php(92): Dispatcher->dispatch(Object(CakeRequest), Object(CakeResponse))
#1 {main}
2012-06-04 22:08:15 Error: [MissingControllerException] Controller class Controller could not be found.
#0 /media/sf_WebDev_share/ulink/app/webroot/index.php(92): Dispatcher->dispatch(Object(CakeRequest), Object(CakeResponse))
#1 {main}
2012-06-04 22:08:25 Error: [MissingControllerException] Controller class Controller could not be found.
#0 /media/sf_WebDev_share/ulink/app/webroot/index.php(92): Dispatcher->dispatch(Object(CakeRequest), Object(CakeResponse))
#1 {main}
2012-06-07 18:12:14 Error: [MissingControllerException] Controller class Controller could not be found.
#0 /media/sf_WebDev_share/ulink/app/webroot/index.php(92): Dispatcher->dispatch(Object(CakeRequest), Object(CakeResponse))
#1 {main}
2012-06-07 18:14:31 Error: [MissingControllerException] Controller class Controller could not be found.
#0 /media/sf_WebDev_share/ulink/app/webroot/index.php(92): Dispatcher->dispatch(Object(CakeRequest), Object(CakeResponse))
#1 {main}
2012-06-07 18:16:22 Error: [MissingControllerException] Controller class Controller could not be found.
#0 /media/sf_WebDev_share/ulink/app/webroot/index.php(92): Dispatcher->dispatch(Object(CakeRequest), Object(CakeResponse))
#1 {main}
2012-06-07 18:17:02 Error: [MissingControllerException] Controller class Controller could not be found.
#0 /media/sf_WebDev_share/ulink/app/webroot/index.php(92): Dispatcher->dispatch(Object(CakeRequest), Object(CakeResponse))
#1 {main}
2012-06-07 18:22:06 Error: [MissingControllerException] Controller class Controller could not be found.
#0 /media/sf_WebDev_share/ulink/app/webroot/index.php(92): Dispatcher->dispatch(Object(CakeRequest), Object(CakeResponse))
#1 {main}
2012-06-07 18:22:31 Error: [MissingActionException] Action PagesController::display() could not be found.
#0 /media/sf_WebDev_share/ulink/lib/Cake/Routing/Dispatcher.php(103): Controller->invokeAction(Object(CakeRequest))
#1 /media/sf_WebDev_share/ulink/lib/Cake/Routing/Dispatcher.php(85): Dispatcher->_invoke(Object(PagesController), Object(CakeRequest), Object(CakeResponse))
#2 /media/sf_WebDev_share/ulink/app/webroot/index.php(92): Dispatcher->dispatch(Object(CakeRequest), Object(CakeResponse))
#3 {main}
2012-06-07 18:22:37 Error: [MissingActionException] Action PagesController::display() could not be found.
#0 /media/sf_WebDev_share/ulink/lib/Cake/Routing/Dispatcher.php(103): Controller->invokeAction(Object(CakeRequest))
#1 /media/sf_WebDev_share/ulink/lib/Cake/Routing/Dispatcher.php(85): Dispatcher->_invoke(Object(PagesController), Object(CakeRequest), Object(CakeResponse))
#2 /media/sf_WebDev_share/ulink/app/webroot/index.php(92): Dispatcher->dispatch(Object(CakeRequest), Object(CakeResponse))
#3 {main}
2012-06-07 18:22:52 Error: [MissingActionException] Action PagesController::display() could not be found.
#0 /media/sf_WebDev_share/ulink/lib/Cake/Routing/Dispatcher.php(103): Controller->invokeAction(Object(CakeRequest))
#1 /media/sf_WebDev_share/ulink/lib/Cake/Routing/Dispatcher.php(85): Dispatcher->_invoke(Object(PagesController), Object(CakeRequest), Object(CakeResponse))
#2 /media/sf_WebDev_share/ulink/app/webroot/index.php(92): Dispatcher->dispatch(Object(CakeRequest), Object(CakeResponse))
#3 {main}
2012-06-07 18:23:43 Error: [MissingControllerException] Controller class Controller could not be found.
#0 /media/sf_WebDev_share/ulink/app/webroot/index.php(92): Dispatcher->dispatch(Object(CakeRequest), Object(CakeResponse))
#1 {main}
2012-06-07 18:23:52 Error: [MissingControllerException] Controller class Controller could not be found.
#0 /media/sf_WebDev_share/ulink/app/webroot/index.php(92): Dispatcher->dispatch(Object(CakeRequest), Object(CakeResponse))
#1 {main}
2012-06-07 18:23:59 Error: [MissingControllerException] Controller class Controller could not be found.
#0 /media/sf_WebDev_share/ulink/app/webroot/index.php(92): Dispatcher->dispatch(Object(CakeRequest), Object(CakeResponse))
#1 {main}
2012-06-07 18:25:01 Error: [MissingControllerException] Controller class Controller could not be found.
#0 /media/sf_WebDev_share/ulink/app/webroot/index.php(92): Dispatcher->dispatch(Object(CakeRequest), Object(CakeResponse))
#1 {main}
2012-06-07 18:25:07 Error: [MissingActionException] Action PagesController::display() could not be found.
#0 /media/sf_WebDev_share/ulink/lib/Cake/Routing/Dispatcher.php(103): Controller->invokeAction(Object(CakeRequest))
#1 /media/sf_WebDev_share/ulink/lib/Cake/Routing/Dispatcher.php(85): Dispatcher->_invoke(Object(PagesController), Object(CakeRequest), Object(CakeResponse))
#2 /media/sf_WebDev_share/ulink/app/webroot/index.php(92): Dispatcher->dispatch(Object(CakeRequest), Object(CakeResponse))
#3 {main}
2012-06-07 18:25:26 Error: [MissingControllerException] Controller class Controller could not be found.
#0 /media/sf_WebDev_share/ulink/app/webroot/index.php(92): Dispatcher->dispatch(Object(CakeRequest), Object(CakeResponse))
#1 {main}
2012-06-07 18:25:31 Error: [MissingControllerException] Controller class Controller could not be found.
#0 /media/sf_WebDev_share/ulink/app/webroot/index.php(92): Dispatcher->dispatch(Object(CakeRequest), Object(CakeResponse))
#1 {main}
2012-06-07 18:27:03 Error: [MissingControllerException] Controller class Controller could not be found.
#0 /media/sf_WebDev_share/ulink/app/webroot/index.php(92): Dispatcher->dispatch(Object(CakeRequest), Object(CakeResponse))
#1 {main}
2012-06-07 18:27:18 Error: [MissingControllerException] Controller class Controller could not be found.
#0 /media/sf_WebDev_share/ulink/app/webroot/index.php(92): Dispatcher->dispatch(Object(CakeRequest), Object(CakeResponse))
#1 {main}
2012-06-07 18:27:29 Error: [MissingControllerException] Controller class Controller could not be found.
#0 /media/sf_WebDev_share/ulink/app/webroot/index.php(92): Dispatcher->dispatch(Object(CakeRequest), Object(CakeResponse))
#1 {main}
2012-06-07 18:29:01 Error: [MissingControllerException] Controller class UlinkController could not be found.
#0 /media/sf_WebDev_share/ulink/app/webroot/index.php(92): Dispatcher->dispatch(Object(CakeRequest), Object(CakeResponse))
#1 {main}
2012-06-07 18:29:16 Error: [MissingControllerException] Controller class UlinkController could not be found.
#0 /media/sf_WebDev_share/ulink/app/webroot/index.php(92): Dispatcher->dispatch(Object(CakeRequest), Object(CakeResponse))
#1 {main}
2012-06-07 18:29:23 Error: [MissingHelperException] Helper class JqueryHelper could not be found.
#0 /media/sf_WebDev_share/ulink/lib/Cake/View/View.php(852): HelperCollection->load('Jquery', Array)
#1 /media/sf_WebDev_share/ulink/lib/Cake/View/View.php(458): View->loadHelpers()
#2 /media/sf_WebDev_share/ulink/lib/Cake/Controller/Controller.php(959): View->render(NULL, NULL)
#3 /media/sf_WebDev_share/ulink/lib/Cake/Routing/Dispatcher.php(110): Controller->render()
#4 /media/sf_WebDev_share/ulink/lib/Cake/Routing/Dispatcher.php(85): Dispatcher->_invoke(Object(UsersController), Object(CakeRequest), Object(CakeResponse))
#5 /media/sf_WebDev_share/ulink/app/webroot/index.php(92): Dispatcher->dispatch(Object(CakeRequest), Object(CakeResponse))
#6 {main}
2012-06-07 18:33:00 Error: [MissingHelperException] Helper class JqueryHelper could not be found.
#0 /media/sf_WebDev_share/ulink/lib/Cake/View/View.php(852): HelperCollection->load('Jquery', Array)
#1 /media/sf_WebDev_share/ulink/lib/Cake/View/View.php(458): View->loadHelpers()
#2 /media/sf_WebDev_share/ulink/lib/Cake/Controller/Controller.php(959): View->render(NULL, NULL)
#3 /media/sf_WebDev_share/ulink/lib/Cake/Routing/Dispatcher.php(110): Controller->render()
#4 /media/sf_WebDev_share/ulink/lib/Cake/Routing/Dispatcher.php(85): Dispatcher->_invoke(Object(UsersController), Object(CakeRequest), Object(CakeResponse))
#5 /media/sf_WebDev_share/ulink/app/webroot/index.php(92): Dispatcher->dispatch(Object(CakeRequest), Object(CakeResponse))
#6 {main}
2012-06-07 18:33:12 Error: [MissingHelperException] Helper class JqueryHelper could not be found.
#0 /media/sf_WebDev_share/ulink/lib/Cake/View/View.php(852): HelperCollection->load('Jquery', Array)
#1 /media/sf_WebDev_share/ulink/lib/Cake/View/View.php(458): View->loadHelpers()
#2 /media/sf_WebDev_share/ulink/lib/Cake/Controller/Controller.php(959): View->render(NULL, NULL)
#3 /media/sf_WebDev_share/ulink/lib/Cake/Routing/Dispatcher.php(110): Controller->render()
#4 /media/sf_WebDev_share/ulink/lib/Cake/Routing/Dispatcher.php(85): Dispatcher->_invoke(Object(UsersController), Object(CakeRequest), Object(CakeResponse))
#5 /media/sf_WebDev_share/ulink/app/webroot/index.php(92): Dispatcher->dispatch(Object(CakeRequest), Object(CakeResponse))
#6 {main}
2012-06-07 18:38:52 Error: [MissingHelperException] Helper class JqueryHelper could not be found.
#0 /media/sf_WebDev_share/ulink/lib/Cake/View/View.php(852): HelperCollection->load('Jquery', Array)
#1 /media/sf_WebDev_share/ulink/lib/Cake/View/View.php(458): View->loadHelpers()
#2 /media/sf_WebDev_share/ulink/lib/Cake/Controller/Controller.php(959): View->render(NULL, NULL)
#3 /media/sf_WebDev_share/ulink/lib/Cake/Routing/Dispatcher.php(110): Controller->render()
#4 /media/sf_WebDev_share/ulink/lib/Cake/Routing/Dispatcher.php(85): Dispatcher->_invoke(Object(UsersController), Object(CakeRequest), Object(CakeResponse))
#5 /media/sf_WebDev_share/ulink/app/webroot/index.php(92): Dispatcher->dispatch(Object(CakeRequest), Object(CakeResponse))
#6 {main}
2012-06-07 18:39:04 Error: [MissingHelperException] Helper class JqueryHelper could not be found.
#0 /media/sf_WebDev_share/ulink/lib/Cake/View/View.php(852): HelperCollection->load('Jquery', Array)
#1 /media/sf_WebDev_share/ulink/lib/Cake/View/View.php(458): View->loadHelpers()
#2 /media/sf_WebDev_share/ulink/lib/Cake/Controller/Controller.php(959): View->render(NULL, NULL)
#3 /media/sf_WebDev_share/ulink/lib/Cake/Routing/Dispatcher.php(110): Controller->render()
#4 /media/sf_WebDev_share/ulink/lib/Cake/Routing/Dispatcher.php(85): Dispatcher->_invoke(Object(UsersController), Object(CakeRequest), Object(CakeResponse))
#5 /media/sf_WebDev_share/ulink/app/webroot/index.php(92): Dispatcher->dispatch(Object(CakeRequest), Object(CakeResponse))
#6 {main}
2012-06-07 18:40:00 Error: [MissingHelperException] Helper class JqueryHelper could not be found.
#0 /media/sf_WebDev_share/ulink/lib/Cake/View/View.php(852): HelperCollection->load('Jquery', Array)
#1 /media/sf_WebDev_share/ulink/lib/Cake/View/View.php(458): View->loadHelpers()
#2 /media/sf_WebDev_share/ulink/lib/Cake/Controller/Controller.php(959): View->render(NULL, NULL)
#3 /media/sf_WebDev_share/ulink/lib/Cake/Routing/Dispatcher.php(110): Controller->render()
#4 /media/sf_WebDev_share/ulink/lib/Cake/Routing/Dispatcher.php(85): Dispatcher->_invoke(Object(UsersController), Object(CakeRequest), Object(CakeResponse))
#5 /media/sf_WebDev_share/ulink/app/webroot/index.php(92): Dispatcher->dispatch(Object(CakeRequest), Object(CakeResponse))
#6 {main}
2012-06-07 18:44:05 Error: [MissingLayoutException] Layout file "/media/sf_WebDev_share/ulink/app/View/Layouts/v2_no_login_header.ctp" is missing.
#0 /media/sf_WebDev_share/ulink/lib/Cake/View/View.php(503): View->_getLayoutFileName('v2_no_login_hea...')
#1 /media/sf_WebDev_share/ulink/lib/Cake/View/View.php(473): View->renderLayout('', 'v2_no_login_hea...')
#2 /media/sf_WebDev_share/ulink/lib/Cake/Controller/Controller.php(959): View->render(NULL, NULL)
#3 /media/sf_WebDev_share/ulink/lib/Cake/Routing/Dispatcher.php(110): Controller->render()
#4 /media/sf_WebDev_share/ulink/lib/Cake/Routing/Dispatcher.php(85): Dispatcher->_invoke(Object(UsersController), Object(CakeRequest), Object(CakeResponse))
#5 /media/sf_WebDev_share/ulink/app/webroot/index.php(92): Dispatcher->dispatch(Object(CakeRequest), Object(CakeResponse))
#6 {main}
2012-06-07 18:44:29 Error: [MissingLayoutException] Layout file "/media/sf_WebDev_share/ulink/app/View/Layouts/v2_no_login_header.ctp" is missing.
#0 /media/sf_WebDev_share/ulink/lib/Cake/View/View.php(503): View->_getLayoutFileName('v2_no_login_hea...')
#1 /media/sf_WebDev_share/ulink/lib/Cake/View/View.php(473): View->renderLayout('', 'v2_no_login_hea...')
#2 /media/sf_WebDev_share/ulink/lib/Cake/Controller/Controller.php(959): View->render(NULL, NULL)
#3 /media/sf_WebDev_share/ulink/lib/Cake/Routing/Dispatcher.php(110): Controller->render()
#4 /media/sf_WebDev_share/ulink/lib/Cake/Routing/Dispatcher.php(85): Dispatcher->_invoke(Object(UsersController), Object(CakeRequest), Object(CakeResponse))
#5 /media/sf_WebDev_share/ulink/app/webroot/index.php(92): Dispatcher->dispatch(Object(CakeRequest), Object(CakeResponse))
#6 {main}
2012-06-07 18:45:05 Error: [MissingLayoutException] Layout file "/media/sf_WebDev_share/ulink/app/View/Layouts/v2_no_login_header.ctp" is missing.
#0 /media/sf_WebDev_share/ulink/lib/Cake/View/View.php(503): View->_getLayoutFileName('v2_no_login_hea...')
#1 /media/sf_WebDev_share/ulink/lib/Cake/View/View.php(473): View->renderLayout('', 'v2_no_login_hea...')
#2 /media/sf_WebDev_share/ulink/lib/Cake/Controller/Controller.php(959): View->render(NULL, NULL)
#3 /media/sf_WebDev_share/ulink/lib/Cake/Routing/Dispatcher.php(110): Controller->render()
#4 /media/sf_WebDev_share/ulink/lib/Cake/Routing/Dispatcher.php(85): Dispatcher->_invoke(Object(UsersController), Object(CakeRequest), Object(CakeResponse))
#5 /media/sf_WebDev_share/ulink/app/webroot/index.php(92): Dispatcher->dispatch(Object(CakeRequest), Object(CakeResponse))
#6 {main}
2012-06-07 18:45:33 Error: [MissingLayoutException] Layout file "/media/sf_WebDev_share/ulink/app/View/Layouts/v2_no_login_header.ctp" is missing.
#0 /media/sf_WebDev_share/ulink/lib/Cake/View/View.php(503): View->_getLayoutFileName('v2_no_login_hea...')
#1 /media/sf_WebDev_share/ulink/lib/Cake/View/View.php(473): View->renderLayout('', 'v2_no_login_hea...')
#2 /media/sf_WebDev_share/ulink/lib/Cake/Controller/Controller.php(959): View->render(NULL, NULL)
#3 /media/sf_WebDev_share/ulink/lib/Cake/Routing/Dispatcher.php(110): Controller->render()
#4 /media/sf_WebDev_share/ulink/lib/Cake/Routing/Dispatcher.php(85): Dispatcher->_invoke(Object(UsersController), Object(CakeRequest), Object(CakeResponse))
#5 /media/sf_WebDev_share/ulink/app/webroot/index.php(92): Dispatcher->dispatch(Object(CakeRequest), Object(CakeResponse))
#6 {main}
2012-06-07 18:45:38 Error: [MissingLayoutException] Layout file "/media/sf_WebDev_share/ulink/app/View/Layouts/v2_no_login_header.ctp" is missing.
#0 /media/sf_WebDev_share/ulink/lib/Cake/View/View.php(503): View->_getLayoutFileName('v2_no_login_hea...')
#1 /media/sf_WebDev_share/ulink/lib/Cake/View/View.php(473): View->renderLayout('', 'v2_no_login_hea...')
#2 /media/sf_WebDev_share/ulink/lib/Cake/Controller/Controller.php(959): View->render(NULL, NULL)
#3 /media/sf_WebDev_share/ulink/lib/Cake/Routing/Dispatcher.php(110): Controller->render()
#4 /media/sf_WebDev_share/ulink/lib/Cake/Routing/Dispatcher.php(85): Dispatcher->_invoke(Object(UsersController), Object(CakeRequest), Object(CakeResponse))
#5 /media/sf_WebDev_share/ulink/app/webroot/index.php(92): Dispatcher->dispatch(Object(CakeRequest), Object(CakeResponse))
#6 {main}
2012-06-07 18:47:08 Error: [MissingLayoutException] Layout file "/media/sf_WebDev_share/ulink/app/View/Layouts/v2_no_login_header.ctp" is missing.
#0 /media/sf_WebDev_share/ulink/lib/Cake/View/View.php(503): View->_getLayoutFileName('v2_no_login_hea...')
#1 /media/sf_WebDev_share/ulink/lib/Cake/View/View.php(473): View->renderLayout('', 'v2_no_login_hea...')
#2 /media/sf_WebDev_share/ulink/lib/Cake/Controller/Controller.php(959): View->render(NULL, NULL)
#3 /media/sf_WebDev_share/ulink/lib/Cake/Routing/Dispatcher.php(110): Controller->render()
#4 /media/sf_WebDev_share/ulink/lib/Cake/Routing/Dispatcher.php(85): Dispatcher->_invoke(Object(UsersController), Object(CakeRequest), Object(CakeResponse))
#5 /media/sf_WebDev_share/ulink/app/webroot/index.php(92): Dispatcher->dispatch(Object(CakeRequest), Object(CakeResponse))
#6 {main}
2012-06-07 18:47:13 Error: [MissingLayoutException] Layout file "/media/sf_WebDev_share/ulink/app/View/Layouts/v2_no_login_header.ctp" is missing.
#0 /media/sf_WebDev_share/ulink/lib/Cake/View/View.php(503): View->_getLayoutFileName('v2_no_login_hea...')
#1 /media/sf_WebDev_share/ulink/lib/Cake/View/View.php(473): View->renderLayout('', 'v2_no_login_hea...')
#2 /media/sf_WebDev_share/ulink/lib/Cake/Controller/Controller.php(959): View->render(NULL, NULL)
#3 /media/sf_WebDev_share/ulink/lib/Cake/Routing/Dispatcher.php(110): Controller->render()
#4 /media/sf_WebDev_share/ulink/lib/Cake/Routing/Dispatcher.php(85): Dispatcher->_invoke(Object(UsersController), Object(CakeRequest), Object(CakeResponse))
#5 /media/sf_WebDev_share/ulink/app/webroot/index.php(92): Dispatcher->dispatch(Object(CakeRequest), Object(CakeResponse))
#6 {main}
2012-06-07 18:48:51 Error: [MissingControllerException] Controller class UlinkController could not be found.
#0 /media/sf_WebDev_share/ulink/app/webroot/index.php(92): Dispatcher->dispatch(Object(CakeRequest), Object(CakeResponse))
#1 {main}
2012-06-07 18:49:20 Error: [MissingControllerException] Controller class UlinkController could not be found.
#0 /media/sf_WebDev_share/ulink/app/webroot/index.php(92): Dispatcher->dispatch(Object(CakeRequest), Object(CakeResponse))
#1 {main}
2012-06-07 18:55:08 Error: [MissingLayoutException] Layout file "/media/sf_WebDev_share/ulink/app/View/Layouts/v2_no_login_header.ctp" is missing.
#0 /media/sf_WebDev_share/ulink/lib/Cake/View/View.php(503): View->_getLayoutFileName('v2_no_login_hea...')
#1 /media/sf_WebDev_share/ulink/lib/Cake/View/View.php(473): View->renderLayout('', 'v2_no_login_hea...')
#2 /media/sf_WebDev_share/ulink/lib/Cake/Controller/Controller.php(959): View->render(NULL, NULL)
#3 /media/sf_WebDev_share/ulink/lib/Cake/Routing/Dispatcher.php(110): Controller->render()
#4 /media/sf_WebDev_share/ulink/lib/Cake/Routing/Dispatcher.php(85): Dispatcher->_invoke(Object(UsersController), Object(CakeRequest), Object(CakeResponse))
#5 /media/sf_WebDev_share/ulink/app/webroot/index.php(92): Dispatcher->dispatch(Object(CakeRequest), Object(CakeResponse))
#6 {main}
2012-06-07 18:55:45 Error: [MissingLayoutException] Layout file "/media/sf_WebDev_share/ulink/app/View/Layouts/v2_no_login_header.ctp" is missing.
#0 /media/sf_WebDev_share/ulink/lib/Cake/View/View.php(503): View->_getLayoutFileName('v2_no_login_hea...')
#1 /media/sf_WebDev_share/ulink/lib/Cake/View/View.php(473): View->renderLayout('', 'v2_no_login_hea...')
#2 /media/sf_WebDev_share/ulink/lib/Cake/Controller/Controller.php(959): View->render(NULL, NULL)
#3 /media/sf_WebDev_share/ulink/lib/Cake/Routing/Dispatcher.php(110): Controller->render()
#4 /media/sf_WebDev_share/ulink/lib/Cake/Routing/Dispatcher.php(85): Dispatcher->_invoke(Object(UsersController), Object(CakeRequest), Object(CakeResponse))
#5 /media/sf_WebDev_share/ulink/app/webroot/index.php(92): Dispatcher->dispatch(Object(CakeRequest), Object(CakeResponse))
#6 {main}
2012-06-07 18:56:48 Error: [MissingLayoutException] Layout file "/media/sf_WebDev_share/ulink/app/View/Layouts/v2_no_login_header.ctp" is missing.
#0 /media/sf_WebDev_share/ulink/lib/Cake/View/View.php(503): View->_getLayoutFileName('v2_no_login_hea...')
#1 /media/sf_WebDev_share/ulink/lib/Cake/View/View.php(473): View->renderLayout('', 'v2_no_login_hea...')
#2 /media/sf_WebDev_share/ulink/lib/Cake/Controller/Controller.php(959): View->render(NULL, NULL)
#3 /media/sf_WebDev_share/ulink/lib/Cake/Routing/Dispatcher.php(110): Controller->render()
#4 /media/sf_WebDev_share/ulink/lib/Cake/Routing/Dispatcher.php(85): Dispatcher->_invoke(Object(UsersController), Object(CakeRequest), Object(CakeResponse))
#5 /media/sf_WebDev_share/ulink/app/webroot/index.php(92): Dispatcher->dispatch(Object(CakeRequest), Object(CakeResponse))
#6 {main}
2012-06-07 18:57:15 Error: [MissingLayoutException] Layout file "/media/sf_WebDev_share/ulink/app/View/Layouts/v2_no_login_header.ctp" is missing.
#0 /media/sf_WebDev_share/ulink/lib/Cake/View/View.php(503): View->_getLayoutFileName('v2_no_login_hea...')
#1 /media/sf_WebDev_share/ulink/lib/Cake/View/View.php(473): View->renderLayout('', 'v2_no_login_hea...')
#2 /media/sf_WebDev_share/ulink/lib/Cake/Controller/Controller.php(959): View->render(NULL, NULL)
#3 /media/sf_WebDev_share/ulink/lib/Cake/Routing/Dispatcher.php(110): Controller->render()
#4 /media/sf_WebDev_share/ulink/lib/Cake/Routing/Dispatcher.php(85): Dispatcher->_invoke(Object(UsersController), Object(CakeRequest), Object(CakeResponse))
#5 /media/sf_WebDev_share/ulink/app/webroot/index.php(92): Dispatcher->dispatch(Object(CakeRequest), Object(CakeResponse))
#6 {main}
2012-06-07 18:59:03 Error: [MissingLayoutException] Layout file "/media/sf_WebDev_share/ulink/app/View/Layouts/v2_no_login_header.ctp" is missing.
#0 /media/sf_WebDev_share/ulink/lib/Cake/View/View.php(503): View->_getLayoutFileName('v2_no_login_hea...')
#1 /media/sf_WebDev_share/ulink/lib/Cake/View/View.php(473): View->renderLayout('', 'v2_no_login_hea...')
#2 /media/sf_WebDev_share/ulink/lib/Cake/Controller/Controller.php(959): View->render(NULL, NULL)
#3 /media/sf_WebDev_share/ulink/lib/Cake/Routing/Dispatcher.php(110): Controller->render()
#4 /media/sf_WebDev_share/ulink/lib/Cake/Routing/Dispatcher.php(85): Dispatcher->_invoke(Object(UsersController), Object(CakeRequest), Object(CakeResponse))
#5 /media/sf_WebDev_share/ulink/app/webroot/index.php(92): Dispatcher->dispatch(Object(CakeRequest), Object(CakeResponse))
#6 {main}
2012-06-07 18:59:07 Error: [MissingLayoutException] Layout file "/media/sf_WebDev_share/ulink/app/View/Layouts/v2_no_login_header.ctp" is missing.
#0 /media/sf_WebDev_share/ulink/lib/Cake/View/View.php(503): View->_getLayoutFileName('v2_no_login_hea...')
#1 /media/sf_WebDev_share/ulink/lib/Cake/View/View.php(473): View->renderLayout('', 'v2_no_login_hea...')
#2 /media/sf_WebDev_share/ulink/lib/Cake/Controller/Controller.php(959): View->render(NULL, NULL)
#3 /media/sf_WebDev_share/ulink/lib/Cake/Routing/Dispatcher.php(110): Controller->render()
#4 /media/sf_WebDev_share/ulink/lib/Cake/Routing/Dispatcher.php(85): Dispatcher->_invoke(Object(UsersController), Object(CakeRequest), Object(CakeResponse))
#5 /media/sf_WebDev_share/ulink/app/webroot/index.php(92): Dispatcher->dispatch(Object(CakeRequest), Object(CakeResponse))
#6 {main}
2012-06-07 18:59:08 Error: [MissingLayoutException] Layout file "/media/sf_WebDev_share/ulink/app/View/Layouts/v2_no_login_header.ctp" is missing.
#0 /media/sf_WebDev_share/ulink/lib/Cake/View/View.php(503): View->_getLayoutFileName('v2_no_login_hea...')
#1 /media/sf_WebDev_share/ulink/lib/Cake/View/View.php(473): View->renderLayout('', 'v2_no_login_hea...')
#2 /media/sf_WebDev_share/ulink/lib/Cake/Controller/Controller.php(959): View->render(NULL, NULL)
#3 /media/sf_WebDev_share/ulink/lib/Cake/Routing/Dispatcher.php(110): Controller->render()
#4 /media/sf_WebDev_share/ulink/lib/Cake/Routing/Dispatcher.php(85): Dispatcher->_invoke(Object(UsersController), Object(CakeRequest), Object(CakeResponse))
#5 /media/sf_WebDev_share/ulink/app/webroot/index.php(92): Dispatcher->dispatch(Object(CakeRequest), Object(CakeResponse))
#6 {main}
2012-06-07 18:59:09 Error: [MissingLayoutException] Layout file "/media/sf_WebDev_share/ulink/app/View/Layouts/v2_no_login_header.ctp" is missing.
#0 /media/sf_WebDev_share/ulink/lib/Cake/View/View.php(503): View->_getLayoutFileName('v2_no_login_hea...')
#1 /media/sf_WebDev_share/ulink/lib/Cake/View/View.php(473): View->renderLayout('', 'v2_no_login_hea...')
#2 /media/sf_WebDev_share/ulink/lib/Cake/Controller/Controller.php(959): View->render(NULL, NULL)
#3 /media/sf_WebDev_share/ulink/lib/Cake/Routing/Dispatcher.php(110): Controller->render()
#4 /media/sf_WebDev_share/ulink/lib/Cake/Routing/Dispatcher.php(85): Dispatcher->_invoke(Object(UsersController), Object(CakeRequest), Object(CakeResponse))
#5 /media/sf_WebDev_share/ulink/app/webroot/index.php(92): Dispatcher->dispatch(Object(CakeRequest), Object(CakeResponse))
#6 {main}
2012-06-07 18:59:09 Error: [MissingLayoutException] Layout file "/media/sf_WebDev_share/ulink/app/View/Layouts/v2_no_login_header.ctp" is missing.
#0 /media/sf_WebDev_share/ulink/lib/Cake/View/View.php(503): View->_getLayoutFileName('v2_no_login_hea...')
#1 /media/sf_WebDev_share/ulink/lib/Cake/View/View.php(473): View->renderLayout('', 'v2_no_login_hea...')
#2 /media/sf_WebDev_share/ulink/lib/Cake/Controller/Controller.php(959): View->render(NULL, NULL)
#3 /media/sf_WebDev_share/ulink/lib/Cake/Routing/Dispatcher.php(110): Controller->render()
#4 /media/sf_WebDev_share/ulink/lib/Cake/Routing/Dispatcher.php(85): Dispatcher->_invoke(Object(UsersController), Object(CakeRequest), Object(CakeResponse))
#5 /media/sf_WebDev_share/ulink/app/webroot/index.php(92): Dispatcher->dispatch(Object(CakeRequest), Object(CakeResponse))
#6 {main}
2012-06-07 18:59:10 Error: [MissingLayoutException] Layout file "/media/sf_WebDev_share/ulink/app/View/Layouts/v2_no_login_header.ctp" is missing.
#0 /media/sf_WebDev_share/ulink/lib/Cake/View/View.php(503): View->_getLayoutFileName('v2_no_login_hea...')
#1 /media/sf_WebDev_share/ulink/lib/Cake/View/View.php(473): View->renderLayout('', 'v2_no_login_hea...')
#2 /media/sf_WebDev_share/ulink/lib/Cake/Controller/Controller.php(959): View->render(NULL, NULL)
#3 /media/sf_WebDev_share/ulink/lib/Cake/Routing/Dispatcher.php(110): Controller->render()
#4 /media/sf_WebDev_share/ulink/lib/Cake/Routing/Dispatcher.php(85): Dispatcher->_invoke(Object(UsersController), Object(CakeRequest), Object(CakeResponse))
#5 /media/sf_WebDev_share/ulink/app/webroot/index.php(92): Dispatcher->dispatch(Object(CakeRequest), Object(CakeResponse))
#6 {main}
2012-06-07 18:59:10 Error: [MissingLayoutException] Layout file "/media/sf_WebDev_share/ulink/app/View/Layouts/v2_no_login_header.ctp" is missing.
#0 /media/sf_WebDev_share/ulink/lib/Cake/View/View.php(503): View->_getLayoutFileName('v2_no_login_hea...')
#1 /media/sf_WebDev_share/ulink/lib/Cake/View/View.php(473): View->renderLayout('', 'v2_no_login_hea...')
#2 /media/sf_WebDev_share/ulink/lib/Cake/Controller/Controller.php(959): View->render(NULL, NULL)
#3 /media/sf_WebDev_share/ulink/lib/Cake/Routing/Dispatcher.php(110): Controller->render()
#4 /media/sf_WebDev_share/ulink/lib/Cake/Routing/Dispatcher.php(85): Dispatcher->_invoke(Object(UsersController), Object(CakeRequest), Object(CakeResponse))
#5 /media/sf_WebDev_share/ulink/app/webroot/index.php(92): Dispatcher->dispatch(Object(CakeRequest), Object(CakeResponse))
#6 {main}
2012-06-07 18:59:10 Error: [MissingLayoutException] Layout file "/media/sf_WebDev_share/ulink/app/View/Layouts/v2_no_login_header.ctp" is missing.
#0 /media/sf_WebDev_share/ulink/lib/Cake/View/View.php(503): View->_getLayoutFileName('v2_no_login_hea...')
#1 /media/sf_WebDev_share/ulink/lib/Cake/View/View.php(473): View->renderLayout('', 'v2_no_login_hea...')
#2 /media/sf_WebDev_share/ulink/lib/Cake/Controller/Controller.php(959): View->render(NULL, NULL)
#3 /media/sf_WebDev_share/ulink/lib/Cake/Routing/Dispatcher.php(110): Controller->render()
#4 /media/sf_WebDev_share/ulink/lib/Cake/Routing/Dispatcher.php(85): Dispatcher->_invoke(Object(UsersController), Object(CakeRequest), Object(CakeResponse))
#5 /media/sf_WebDev_share/ulink/app/webroot/index.php(92): Dispatcher->dispatch(Object(CakeRequest), Object(CakeResponse))
#6 {main}
2012-06-07 18:59:11 Error: [MissingLayoutException] Layout file "/media/sf_WebDev_share/ulink/app/View/Layouts/v2_no_login_header.ctp" is missing.
#0 /media/sf_WebDev_share/ulink/lib/Cake/View/View.php(503): View->_getLayoutFileName('v2_no_login_hea...')
#1 /media/sf_WebDev_share/ulink/lib/Cake/View/View.php(473): View->renderLayout('', 'v2_no_login_hea...')
#2 /media/sf_WebDev_share/ulink/lib/Cake/Controller/Controller.php(959): View->render(NULL, NULL)
#3 /media/sf_WebDev_share/ulink/lib/Cake/Routing/Dispatcher.php(110): Controller->render()
#4 /media/sf_WebDev_share/ulink/lib/Cake/Routing/Dispatcher.php(85): Dispatcher->_invoke(Object(UsersController), Object(CakeRequest), Object(CakeResponse))
#5 /media/sf_WebDev_share/ulink/app/webroot/index.php(92): Dispatcher->dispatch(Object(CakeRequest), Object(CakeResponse))
#6 {main}
2012-06-07 18:59:11 Error: [MissingLayoutException] Layout file "/media/sf_WebDev_share/ulink/app/View/Layouts/v2_no_login_header.ctp" is missing.
#0 /media/sf_WebDev_share/ulink/lib/Cake/View/View.php(503): View->_getLayoutFileName('v2_no_login_hea...')
#1 /media/sf_WebDev_share/ulink/lib/Cake/View/View.php(473): View->renderLayout('', 'v2_no_login_hea...')
#2 /media/sf_WebDev_share/ulink/lib/Cake/Controller/Controller.php(959): View->render(NULL, NULL)
#3 /media/sf_WebDev_share/ulink/lib/Cake/Routing/Dispatcher.php(110): Controller->render()
#4 /media/sf_WebDev_share/ulink/lib/Cake/Routing/Dispatcher.php(85): Dispatcher->_invoke(Object(UsersController), Object(CakeRequest), Object(CakeResponse))
#5 /media/sf_WebDev_share/ulink/app/webroot/index.php(92): Dispatcher->dispatch(Object(CakeRequest), Object(CakeResponse))
#6 {main}
2012-06-07 18:59:12 Error: [MissingLayoutException] Layout file "/media/sf_WebDev_share/ulink/app/View/Layouts/v2_no_login_header.ctp" is missing.
#0 /media/sf_WebDev_share/ulink/lib/Cake/View/View.php(503): View->_getLayoutFileName('v2_no_login_hea...')
#1 /media/sf_WebDev_share/ulink/lib/Cake/View/View.php(473): View->renderLayout('', 'v2_no_login_hea...')
#2 /media/sf_WebDev_share/ulink/lib/Cake/Controller/Controller.php(959): View->render(NULL, NULL)
#3 /media/sf_WebDev_share/ulink/lib/Cake/Routing/Dispatcher.php(110): Controller->render()
#4 /media/sf_WebDev_share/ulink/lib/Cake/Routing/Dispatcher.php(85): Dispatcher->_invoke(Object(UsersController), Object(CakeRequest), Object(CakeResponse))
#5 /media/sf_WebDev_share/ulink/app/webroot/index.php(92): Dispatcher->dispatch(Object(CakeRequest), Object(CakeResponse))
#6 {main}
2012-06-07 18:59:51 Error: [MissingLayoutException] Layout file "/media/sf_WebDev_share/ulink/app/View/Layouts/v2_no_login_header.ctp" is missing.
#0 /media/sf_WebDev_share/ulink/lib/Cake/View/View.php(503): View->_getLayoutFileName('v2_no_login_hea...')
#1 /media/sf_WebDev_share/ulink/lib/Cake/View/View.php(473): View->renderLayout('', 'v2_no_login_hea...')
#2 /media/sf_WebDev_share/ulink/lib/Cake/Controller/Controller.php(959): View->render(NULL, NULL)
#3 /media/sf_WebDev_share/ulink/lib/Cake/Routing/Dispatcher.php(110): Controller->render()
#4 /media/sf_WebDev_share/ulink/lib/Cake/Routing/Dispatcher.php(85): Dispatcher->_invoke(Object(UsersController), Object(CakeRequest), Object(CakeResponse))
#5 /media/sf_WebDev_share/ulink/app/webroot/index.php(92): Dispatcher->dispatch(Object(CakeRequest), Object(CakeResponse))
#6 {main}
2012-06-07 19:00:31 Error: [MissingLayoutException] Layout file "/media/sf_WebDev_share/ulink/app/View/Layouts/v2_no_login_header.ctp" is missing.
#0 /media/sf_WebDev_share/ulink/lib/Cake/View/View.php(503): View->_getLayoutFileName('v2_no_login_hea...')
#1 /media/sf_WebDev_share/ulink/lib/Cake/View/View.php(473): View->renderLayout('', 'v2_no_login_hea...')
#2 /media/sf_WebDev_share/ulink/lib/Cake/Controller/Controller.php(959): View->render(NULL, NULL)
#3 /media/sf_WebDev_share/ulink/lib/Cake/Routing/Dispatcher.php(110): Controller->render()
#4 /media/sf_WebDev_share/ulink/lib/Cake/Routing/Dispatcher.php(85): Dispatcher->_invoke(Object(UsersController), Object(CakeRequest), Object(CakeResponse))
#5 /media/sf_WebDev_share/ulink/app/webroot/index.php(92): Dispatcher->dispatch(Object(CakeRequest), Object(CakeResponse))
#6 {main}
2012-06-24 12:50:06 Error: [MissingActionException] Action EventsController::indx() could not be found.
#0 /media/sf_WebDev_share/ulink/lib/Cake/Routing/Dispatcher.php(103): Controller->invokeAction(Object(CakeRequest))
#1 /media/sf_WebDev_share/ulink/lib/Cake/Routing/Dispatcher.php(85): Dispatcher->_invoke(Object(EventsController), Object(CakeRequest), Object(CakeResponse))
#2 /media/sf_WebDev_share/ulink/app/webroot/index.php(92): Dispatcher->dispatch(Object(CakeRequest), Object(CakeResponse))
#3 {main}
